#
# There is insufficient memory for the Java Runtime Environment to continue.
# Native memory allocation (malloc) failed to allocate 2064 bytes. Error detail: AllocateHeap
# Possible reasons:
#   The system is out of physical RAM or swap space
#   This process is running with CompressedOops enabled, and the Java Heap may be blocking the growth of the native heap
# Possible solutions:
#   Reduce memory load on the system
#   Increase physical memory or swap space
#   Check if swap backing store is full
#   Decrease Java heap size (-Xmx/-Xms)
#   Decrease number of Java threads
#   Decrease Java thread stack sizes (-Xss)
#   Set larger code cache with -XX:ReservedCodeCacheSize=
#   JVM is running with Zero Based Compressed Oops mode in which the Java heap is
#     placed in the first 32GB address space. The Java Heap base address is the
#     maximum limit for the native heap growth. Please use -XX:HeapBaseMinAddress
#     to set the Java Heap base and to place the Java Heap above 32GB virtual address.
# This output file may be truncated or incomplete.
#
#  Out of Memory Error (allocation.cpp:44), pid=9116, tid=23148
#
# JRE version: OpenJDK Runtime Environment Corretto-21.0.6.7.1 (21.0.6+7) (build 21.0.6+7-LTS)
# Java VM: OpenJDK 64-Bit Server VM Corretto-21.0.6.7.1 (21.0.6+7-LTS, mixed mode, emulated-client, sharing, tiered, compressed oops, compressed class ptrs, g1 gc, windows-amd64)
# No core dump will be written. Minidumps are not enabled by default on client versions of Windows
#

---------------  S U M M A R Y ------------

Command Line: -XX:TieredStopAtLevel=1 -Dspring.output.ansi.enabled=always -Dcom.sun.management.jmxremote -Dspring.jmx.enabled=true -Dspring.liveBeansView.mbeanDomain -Dspring.application.admin.enabled=true -Dmanagement.endpoints.jmx.exposure.include=* -javaagent:C:\Users\Пажылой вертолет\AppData\Local\JetBrains\IntelliJ IDEA 2024.3.5\lib\idea_rt.jar=53463 -Dfile.encoding=UTF-8 -Dsun.stdout.encoding=UTF-8 -Dsun.stderr.encoding=UTF-8 com.relex.messenger.MessengerApplication

Host: Intel(R) Core(TM) i5-10300H CPU @ 2.50GHz, 8 cores, 15G,  Windows 10 , 64 bit Build 19041 (10.0.19041.5678)
Time: Mon May  5 14:56:46 2025 RTZ 2 (s 10 , 64 bit Build 19041 (10.0.19041.5678) elapsed time: 0.500259 seconds (0d 0h 0m 0s)

---------------  T H R E A D  ---------------

Current thread (0x000001ca26ba66e0):  WorkerThread "GC Thread#4"    [id=23148, stack(0x000000549ab00000,0x000000549ac00000) (1024K)]

Stack: [0x000000549ab00000,0x000000549ac00000]
Native frames: (J=compiled Java code, j=interpreted, Vv=VM code, C=native code)
V  [jvm.dll+0x6da5e9]
V  [jvm.dll+0x8b6b73]
V  [jvm.dll+0x8b8ece]
V  [jvm.dll+0x8b95b3]
V  [jvm.dll+0x286256]
V  [jvm.dll+0xc0dd7]
V  [jvm.dll+0x71ca7b]
V  [jvm.dll+0x366a51]
V  [jvm.dll+0x36296f]
V  [jvm.dll+0x3624b4]
V  [jvm.dll+0x376b29]
V  [jvm.dll+0x3771ea]
V  [jvm.dll+0x3772e7]
V  [jvm.dll+0x3781cb]
V  [jvm.dll+0x8e43a4]
V  [jvm.dll+0x85f868]
V  [jvm.dll+0x6d8ded]
C  [ucrtbase.dll+0x21bb2]
C  [KERNEL32.DLL+0x17374]
C  [ntdll.dll+0x4cc91]


---------------  P R O C E S S  ---------------

Threads class SMR info:
_java_thread_list=0x000001ca26997d90, length=16, elements={
0x000001ca10eafa30, 0x000001ca263001a0, 0x000001ca26300fa0, 0x000001ca26304cf0,
0x000001ca263279e0, 0x000001ca26328d80, 0x000001ca2632a2d0, 0x000001ca2632c200,
0x000001ca2642f0a0, 0x000001ca264331e0, 0x000001ca26757260, 0x000001ca267578c0,
0x000001ca26430900, 0x000001ca26430fd0, 0x000001ca26b733d0, 0x000001ca26b81fc0
}

Java Threads: ( => current thread )
  0x000001ca10eafa30 JavaThread "main"                              [_thread_blocked, id=9360, stack(0x0000005499100000,0x0000005499200000) (1024K)]
  0x000001ca263001a0 JavaThread "Reference Handler"          daemon [_thread_blocked, id=6844, stack(0x0000005499900000,0x0000005499a00000) (1024K)]
  0x000001ca26300fa0 JavaThread "Finalizer"                  daemon [_thread_blocked, id=5320, stack(0x0000005499a00000,0x0000005499b00000) (1024K)]
  0x000001ca26304cf0 JavaThread "Signal Dispatcher"          daemon [_thread_blocked, id=22184, stack(0x0000005499b00000,0x0000005499c00000) (1024K)]
  0x000001ca263279e0 JavaThread "Attach Listener"            daemon [_thread_blocked, id=8932, stack(0x0000005499c00000,0x0000005499d00000) (1024K)]
  0x000001ca26328d80 JavaThread "Service Thread"             daemon [_thread_blocked, id=16196, stack(0x0000005499d00000,0x0000005499e00000) (1024K)]
  0x000001ca2632a2d0 JavaThread "Monitor Deflation Thread"   daemon [_thread_blocked, id=21500, stack(0x0000005499e00000,0x0000005499f00000) (1024K)]
  0x000001ca2632c200 JavaThread "C1 CompilerThread0"         daemon [_thread_blocked, id=23796, stack(0x0000005499f00000,0x000000549a000000) (1024K)]
  0x000001ca2642f0a0 JavaThread "Common-Cleaner"             daemon [_thread_blocked, id=25000, stack(0x000000549a000000,0x000000549a100000) (1024K)]
  0x000001ca264331e0 JavaThread "C1 CompilerThread1"         daemon [_thread_blocked, id=12040, stack(0x000000549a100000,0x000000549a200000) (1024K)]
  0x000001ca26757260 JavaThread "Monitor Ctrl-Break"         daemon [_thread_in_native, id=21292, stack(0x000000549a200000,0x000000549a300000) (1024K)]
  0x000001ca267578c0 JavaThread "Notification Thread"        daemon [_thread_blocked, id=18892, stack(0x000000549a300000,0x000000549a400000) (1024K)]
  0x000001ca26430900 JavaThread "C1 CompilerThread2"         daemon [_thread_blocked, id=24212, stack(0x000000549a400000,0x000000549a500000) (1024K)]
  0x000001ca26430fd0 JavaThread "C1 CompilerThread3"         daemon [_thread_blocked, id=15664, stack(0x000000549a500000,0x000000549a600000) (1024K)]
  0x000001ca26b733d0 JavaThread "RMI TCP Accept-0"           daemon [_thread_in_native, id=3716, stack(0x000000549a600000,0x000000549a700000) (1024K)]
  0x000001ca26b81fc0 JavaThread "RMI TCP Connection(1)-192.168.1.194" daemon [_thread_blocked, id=23024, stack(0x000000549a700000,0x000000549a800000) (1024K)]
Total: 16

Other Threads:
  0x000001ca262e2900 VMThread "VM Thread"                           [id=11024, stack(0x0000005499800000,0x0000005499900000) (1024K)]
  0x000001ca262cf610 WatcherThread "VM Periodic Task Thread"        [id=16604, stack(0x0000005499700000,0x0000005499800000) (1024K)]
  0x000001ca110d5280 WorkerThread "GC Thread#0"                     [id=24176, stack(0x0000005499200000,0x0000005499300000) (1024K)]
  0x000001ca26bce2a0 WorkerThread "GC Thread#1"                     [id=9516, stack(0x000000549a800000,0x000000549a900000) (1024K)]
  0x000001ca26ba5fa0 WorkerThread "GC Thread#2"                     [id=2636, stack(0x000000549a900000,0x000000549aa00000) (1024K)]
  0x000001ca26ba6340 WorkerThread "GC Thread#3"                     [id=22340, stack(0x000000549aa00000,0x000000549ab00000) (1024K)]
=>0x000001ca26ba66e0 WorkerThread "GC Thread#4"                     [id=23148, stack(0x000000549ab00000,0x000000549ac00000) (1024K)]
  0x000001ca26ba6a80 WorkerThread "GC Thread#5"                     [id=23328, stack(0x000000549ac00000,0x000000549ad00000) (1024K)]
  0x000001ca110e5e40 ConcurrentGCThread "G1 Main Marker"            [id=18584, stack(0x0000005499300000,0x0000005499400000) (1024K)]
  0x000001ca110e6e90 WorkerThread "G1 Conc#0"                       [id=13468, stack(0x0000005499400000,0x0000005499500000) (1024K)]
  0x000001ca1112e130 ConcurrentGCThread "G1 Refine#0"               [id=23512, stack(0x0000005499500000,0x0000005499600000) (1024K)]
  0x000001ca1112ea50 ConcurrentGCThread "G1 Service"                [id=18984, stack(0x0000005499600000,0x0000005499700000) (1024K)]
Total: 12

Threads with active compile tasks:
Total: 0

VM state: at safepoint (normal execution)

VM Mutex/Monitor currently owned by a thread:  ([mutex/lock_event])
[0x00007ff93795e320] Threads_lock - owner thread: 0x000001ca262e2900
[0x00007ff93795e420] Heap_lock - owner thread: 0x000001ca10eafa30

Heap address: 0x0000000703800000, size: 4040 MB, Compressed Oops mode: Zero based, Oop shift amount: 3

CDS archive(s) mapped at: [0x000001ca27000000-0x000001ca27c80000-0x000001ca27c80000), size 13107200, SharedBaseAddress: 0x000001ca27000000, ArchiveRelocationMode: 1.
Compressed class space mapped at: 0x000001ca28000000-0x000001ca68000000, reserved size: 1073741824
Narrow klass base: 0x000001ca27000000, Narrow klass shift: 0, Narrow klass range: 0x100000000

GC Precious Log:
 CardTable entry size: 512
 Card Set container configuration: InlinePtr #cards 4 size 8 Array Of Cards #cards 16 size 48 Howl #buckets 8 coarsen threshold 3686 Howl Bitmap #cards 512 size 80 coarsen threshold 460 Card regions per heap region 1 cards per card region 4096
 CPUs: 8 total, 8 available
 Memory: 16154M
 Large Page Support: Disabled
 NUMA Support: Disabled
 Compressed Oops: Enabled (Zero based)
 Heap Region Size: 2M
 Heap Min Capacity: 8M
 Heap Initial Capacity: 254M
 Heap Max Capacity: 4040M
 Pre-touch: Disabled
 Parallel Workers: 8
 Concurrent Workers: 2
 Concurrent Refinement Workers: 8
 Periodic GC: Disabled

Heap:
 garbage-first heap   total 260096K, used 22528K [0x0000000703800000, 0x0000000800000000)
  region size 2048K, 13 young (26624K), 2 survivors (4096K)
 Metaspace       used 5785K, committed 6016K, reserved 1114112K
  class space    used 686K, committed 768K, reserved 1048576K

Heap Regions: E=young(eden), S=young(survivor), O=old, HS=humongous(starts), HC=humongous(continues), CS=collection set, F=free, TAMS=top-at-mark-start, PB=parsable bottom
|   0|0x0000000703800000, 0x0000000703a00000, 0x0000000703a00000|100%| O|  |TAMS 0x0000000703800000| PB 0x0000000703800000| Untracked 
|   1|0x0000000703a00000, 0x0000000703c00000, 0x0000000703c00000|100%| O|  |TAMS 0x0000000703a00000| PB 0x0000000703a00000| Untracked 
|   2|0x0000000703c00000, 0x0000000703c00000, 0x0000000703e00000|  0%| F|  |TAMS 0x0000000703c00000| PB 0x0000000703c00000| Untracked 
|   3|0x0000000703e00000, 0x0000000703e00000, 0x0000000704000000|  0%| F|  |TAMS 0x0000000703e00000| PB 0x0000000703e00000| Untracked 
|   4|0x0000000704000000, 0x0000000704000000, 0x0000000704200000|  0%| F|  |TAMS 0x0000000704000000| PB 0x0000000704000000| Untracked 
|   5|0x0000000704200000, 0x0000000704200000, 0x0000000704400000|  0%| F|  |TAMS 0x0000000704200000| PB 0x0000000704200000| Untracked 
|   6|0x0000000704400000, 0x0000000704400000, 0x0000000704600000|  0%| F|  |TAMS 0x0000000704400000| PB 0x0000000704400000| Untracked 
|   7|0x0000000704600000, 0x0000000704600000, 0x0000000704800000|  0%| F|  |TAMS 0x0000000704600000| PB 0x0000000704600000| Untracked 
|   8|0x0000000704800000, 0x0000000704800000, 0x0000000704a00000|  0%| F|  |TAMS 0x0000000704800000| PB 0x0000000704800000| Untracked 
|   9|0x0000000704a00000, 0x0000000704a00000, 0x0000000704c00000|  0%| F|  |TAMS 0x0000000704a00000| PB 0x0000000704a00000| Untracked 
|  10|0x0000000704c00000, 0x0000000704c00000, 0x0000000704e00000|  0%| F|  |TAMS 0x0000000704c00000| PB 0x0000000704c00000| Untracked 
|  11|0x0000000704e00000, 0x0000000704e00000, 0x0000000705000000|  0%| F|  |TAMS 0x0000000704e00000| PB 0x0000000704e00000| Untracked 
|  12|0x0000000705000000, 0x0000000705000000, 0x0000000705200000|  0%| F|  |TAMS 0x0000000705000000| PB 0x0000000705000000| Untracked 
|  13|0x0000000705200000, 0x0000000705200000, 0x0000000705400000|  0%| F|  |TAMS 0x0000000705200000| PB 0x0000000705200000| Untracked 
|  14|0x0000000705400000, 0x0000000705400000, 0x0000000705600000|  0%| F|  |TAMS 0x0000000705400000| PB 0x0000000705400000| Untracked 
|  15|0x0000000705600000, 0x0000000705600000, 0x0000000705800000|  0%| F|  |TAMS 0x0000000705600000| PB 0x0000000705600000| Untracked 
|  16|0x0000000705800000, 0x0000000705800000, 0x0000000705a00000|  0%| F|  |TAMS 0x0000000705800000| PB 0x0000000705800000| Untracked 
|  17|0x0000000705a00000, 0x0000000705a00000, 0x0000000705c00000|  0%| F|  |TAMS 0x0000000705a00000| PB 0x0000000705a00000| Untracked 
|  18|0x0000000705c00000, 0x0000000705c00000, 0x0000000705e00000|  0%| F|  |TAMS 0x0000000705c00000| PB 0x0000000705c00000| Untracked 
|  19|0x0000000705e00000, 0x0000000705e00000, 0x0000000706000000|  0%| F|  |TAMS 0x0000000705e00000| PB 0x0000000705e00000| Untracked 
|  20|0x0000000706000000, 0x0000000706000000, 0x0000000706200000|  0%| F|  |TAMS 0x0000000706000000| PB 0x0000000706000000| Untracked 
|  21|0x0000000706200000, 0x0000000706200000, 0x0000000706400000|  0%| F|  |TAMS 0x0000000706200000| PB 0x0000000706200000| Untracked 
|  22|0x0000000706400000, 0x0000000706400000, 0x0000000706600000|  0%| F|  |TAMS 0x0000000706400000| PB 0x0000000706400000| Untracked 
|  23|0x0000000706600000, 0x0000000706600000, 0x0000000706800000|  0%| F|  |TAMS 0x0000000706600000| PB 0x0000000706600000| Untracked 
|  24|0x0000000706800000, 0x0000000706800000, 0x0000000706a00000|  0%| F|  |TAMS 0x0000000706800000| PB 0x0000000706800000| Untracked 
|  25|0x0000000706a00000, 0x0000000706a00000, 0x0000000706c00000|  0%| F|  |TAMS 0x0000000706a00000| PB 0x0000000706a00000| Untracked 
|  26|0x0000000706c00000, 0x0000000706c00000, 0x0000000706e00000|  0%| F|  |TAMS 0x0000000706c00000| PB 0x0000000706c00000| Untracked 
|  27|0x0000000706e00000, 0x0000000706e00000, 0x0000000707000000|  0%| F|  |TAMS 0x0000000706e00000| PB 0x0000000706e00000| Untracked 
|  28|0x0000000707000000, 0x0000000707000000, 0x0000000707200000|  0%| F|  |TAMS 0x0000000707000000| PB 0x0000000707000000| Untracked 
|  29|0x0000000707200000, 0x0000000707200000, 0x0000000707400000|  0%| F|  |TAMS 0x0000000707200000| PB 0x0000000707200000| Untracked 
|  30|0x0000000707400000, 0x0000000707400000, 0x0000000707600000|  0%| F|  |TAMS 0x0000000707400000| PB 0x0000000707400000| Untracked 
|  31|0x0000000707600000, 0x0000000707600000, 0x0000000707800000|  0%| F|  |TAMS 0x0000000707600000| PB 0x0000000707600000| Untracked 
|  32|0x0000000707800000, 0x0000000707800000, 0x0000000707a00000|  0%| F|  |TAMS 0x0000000707800000| PB 0x0000000707800000| Untracked 
|  33|0x0000000707a00000, 0x0000000707a00000, 0x0000000707c00000|  0%| F|  |TAMS 0x0000000707a00000| PB 0x0000000707a00000| Untracked 
|  34|0x0000000707c00000, 0x0000000707c00000, 0x0000000707e00000|  0%| F|  |TAMS 0x0000000707c00000| PB 0x0000000707c00000| Untracked 
|  35|0x0000000707e00000, 0x0000000707e00000, 0x0000000708000000|  0%| F|  |TAMS 0x0000000707e00000| PB 0x0000000707e00000| Untracked 
|  36|0x0000000708000000, 0x0000000708000000, 0x0000000708200000|  0%| F|  |TAMS 0x0000000708000000| PB 0x0000000708000000| Untracked 
|  37|0x0000000708200000, 0x0000000708200000, 0x0000000708400000|  0%| F|  |TAMS 0x0000000708200000| PB 0x0000000708200000| Untracked 
|  38|0x0000000708400000, 0x0000000708400000, 0x0000000708600000|  0%| F|  |TAMS 0x0000000708400000| PB 0x0000000708400000| Untracked 
|  39|0x0000000708600000, 0x0000000708600000, 0x0000000708800000|  0%| F|  |TAMS 0x0000000708600000| PB 0x0000000708600000| Untracked 
|  40|0x0000000708800000, 0x0000000708800000, 0x0000000708a00000|  0%| F|  |TAMS 0x0000000708800000| PB 0x0000000708800000| Untracked 
|  41|0x0000000708a00000, 0x0000000708a00000, 0x0000000708c00000|  0%| F|  |TAMS 0x0000000708a00000| PB 0x0000000708a00000| Untracked 
|  42|0x0000000708c00000, 0x0000000708c00000, 0x0000000708e00000|  0%| F|  |TAMS 0x0000000708c00000| PB 0x0000000708c00000| Untracked 
|  43|0x0000000708e00000, 0x0000000708e00000, 0x0000000709000000|  0%| F|  |TAMS 0x0000000708e00000| PB 0x0000000708e00000| Untracked 
|  44|0x0000000709000000, 0x0000000709000000, 0x0000000709200000|  0%| F|  |TAMS 0x0000000709000000| PB 0x0000000709000000| Untracked 
|  45|0x0000000709200000, 0x0000000709200000, 0x0000000709400000|  0%| F|  |TAMS 0x0000000709200000| PB 0x0000000709200000| Untracked 
|  46|0x0000000709400000, 0x0000000709400000, 0x0000000709600000|  0%| F|  |TAMS 0x0000000709400000| PB 0x0000000709400000| Untracked 
|  47|0x0000000709600000, 0x0000000709600000, 0x0000000709800000|  0%| F|  |TAMS 0x0000000709600000| PB 0x0000000709600000| Untracked 
|  48|0x0000000709800000, 0x0000000709800000, 0x0000000709a00000|  0%| F|  |TAMS 0x0000000709800000| PB 0x0000000709800000| Untracked 
|  49|0x0000000709a00000, 0x0000000709a00000, 0x0000000709c00000|  0%| F|  |TAMS 0x0000000709a00000| PB 0x0000000709a00000| Untracked 
|  50|0x0000000709c00000, 0x0000000709c00000, 0x0000000709e00000|  0%| F|  |TAMS 0x0000000709c00000| PB 0x0000000709c00000| Untracked 
|  51|0x0000000709e00000, 0x0000000709e00000, 0x000000070a000000|  0%| F|  |TAMS 0x0000000709e00000| PB 0x0000000709e00000| Untracked 
|  52|0x000000070a000000, 0x000000070a000000, 0x000000070a200000|  0%| F|  |TAMS 0x000000070a000000| PB 0x000000070a000000| Untracked 
|  53|0x000000070a200000, 0x000000070a200000, 0x000000070a400000|  0%| F|  |TAMS 0x000000070a200000| PB 0x000000070a200000| Untracked 
|  54|0x000000070a400000, 0x000000070a400000, 0x000000070a600000|  0%| F|  |TAMS 0x000000070a400000| PB 0x000000070a400000| Untracked 
|  55|0x000000070a600000, 0x000000070a600000, 0x000000070a800000|  0%| F|  |TAMS 0x000000070a600000| PB 0x000000070a600000| Untracked 
|  56|0x000000070a800000, 0x000000070a800000, 0x000000070aa00000|  0%| F|  |TAMS 0x000000070a800000| PB 0x000000070a800000| Untracked 
|  57|0x000000070aa00000, 0x000000070aa00000, 0x000000070ac00000|  0%| F|  |TAMS 0x000000070aa00000| PB 0x000000070aa00000| Untracked 
|  58|0x000000070ac00000, 0x000000070ac00000, 0x000000070ae00000|  0%| F|  |TAMS 0x000000070ac00000| PB 0x000000070ac00000| Untracked 
|  59|0x000000070ae00000, 0x000000070ae00000, 0x000000070b000000|  0%| F|  |TAMS 0x000000070ae00000| PB 0x000000070ae00000| Untracked 
|  60|0x000000070b000000, 0x000000070b000000, 0x000000070b200000|  0%| F|  |TAMS 0x000000070b000000| PB 0x000000070b000000| Untracked 
|  61|0x000000070b200000, 0x000000070b200000, 0x000000070b400000|  0%| F|  |TAMS 0x000000070b200000| PB 0x000000070b200000| Untracked 
|  62|0x000000070b400000, 0x000000070b400000, 0x000000070b600000|  0%| F|  |TAMS 0x000000070b400000| PB 0x000000070b400000| Untracked 
|  63|0x000000070b600000, 0x000000070b600000, 0x000000070b800000|  0%| F|  |TAMS 0x000000070b600000| PB 0x000000070b600000| Untracked 
|  64|0x000000070b800000, 0x000000070b800000, 0x000000070ba00000|  0%| F|  |TAMS 0x000000070b800000| PB 0x000000070b800000| Untracked 
|  65|0x000000070ba00000, 0x000000070ba00000, 0x000000070bc00000|  0%| F|  |TAMS 0x000000070ba00000| PB 0x000000070ba00000| Untracked 
|  66|0x000000070bc00000, 0x000000070bc00000, 0x000000070be00000|  0%| F|  |TAMS 0x000000070bc00000| PB 0x000000070bc00000| Untracked 
|  67|0x000000070be00000, 0x000000070be00000, 0x000000070c000000|  0%| F|  |TAMS 0x000000070be00000| PB 0x000000070be00000| Untracked 
|  68|0x000000070c000000, 0x000000070c000000, 0x000000070c200000|  0%| F|  |TAMS 0x000000070c000000| PB 0x000000070c000000| Untracked 
|  69|0x000000070c200000, 0x000000070c200000, 0x000000070c400000|  0%| F|  |TAMS 0x000000070c200000| PB 0x000000070c200000| Untracked 
|  70|0x000000070c400000, 0x000000070c400000, 0x000000070c600000|  0%| F|  |TAMS 0x000000070c400000| PB 0x000000070c400000| Untracked 
|  71|0x000000070c600000, 0x000000070c600000, 0x000000070c800000|  0%| F|  |TAMS 0x000000070c600000| PB 0x000000070c600000| Untracked 
|  72|0x000000070c800000, 0x000000070c800000, 0x000000070ca00000|  0%| F|  |TAMS 0x000000070c800000| PB 0x000000070c800000| Untracked 
|  73|0x000000070ca00000, 0x000000070ca00000, 0x000000070cc00000|  0%| F|  |TAMS 0x000000070ca00000| PB 0x000000070ca00000| Untracked 
|  74|0x000000070cc00000, 0x000000070cc00000, 0x000000070ce00000|  0%| F|  |TAMS 0x000000070cc00000| PB 0x000000070cc00000| Untracked 
|  75|0x000000070ce00000, 0x000000070ce00000, 0x000000070d000000|  0%| F|  |TAMS 0x000000070ce00000| PB 0x000000070ce00000| Untracked 
|  76|0x000000070d000000, 0x000000070d000000, 0x000000070d200000|  0%| F|  |TAMS 0x000000070d000000| PB 0x000000070d000000| Untracked 
|  77|0x000000070d200000, 0x000000070d200000, 0x000000070d400000|  0%| F|  |TAMS 0x000000070d200000| PB 0x000000070d200000| Untracked 
|  78|0x000000070d400000, 0x000000070d400000, 0x000000070d600000|  0%| F|  |TAMS 0x000000070d400000| PB 0x000000070d400000| Untracked 
|  79|0x000000070d600000, 0x000000070d600000, 0x000000070d800000|  0%| F|  |TAMS 0x000000070d600000| PB 0x000000070d600000| Untracked 
|  80|0x000000070d800000, 0x000000070d800000, 0x000000070da00000|  0%| F|  |TAMS 0x000000070d800000| PB 0x000000070d800000| Untracked 
|  81|0x000000070da00000, 0x000000070da00000, 0x000000070dc00000|  0%| F|  |TAMS 0x000000070da00000| PB 0x000000070da00000| Untracked 
|  82|0x000000070dc00000, 0x000000070dc00000, 0x000000070de00000|  0%| F|  |TAMS 0x000000070dc00000| PB 0x000000070dc00000| Untracked 
|  83|0x000000070de00000, 0x000000070de00000, 0x000000070e000000|  0%| F|  |TAMS 0x000000070de00000| PB 0x000000070de00000| Untracked 
|  84|0x000000070e000000, 0x000000070e000000, 0x000000070e200000|  0%| F|  |TAMS 0x000000070e000000| PB 0x000000070e000000| Untracked 
|  85|0x000000070e200000, 0x000000070e200000, 0x000000070e400000|  0%| F|  |TAMS 0x000000070e200000| PB 0x000000070e200000| Untracked 
|  86|0x000000070e400000, 0x000000070e400000, 0x000000070e600000|  0%| F|  |TAMS 0x000000070e400000| PB 0x000000070e400000| Untracked 
|  87|0x000000070e600000, 0x000000070e600000, 0x000000070e800000|  0%| F|  |TAMS 0x000000070e600000| PB 0x000000070e600000| Untracked 
|  88|0x000000070e800000, 0x000000070e800000, 0x000000070ea00000|  0%| F|  |TAMS 0x000000070e800000| PB 0x000000070e800000| Untracked 
|  89|0x000000070ea00000, 0x000000070ea00000, 0x000000070ec00000|  0%| F|  |TAMS 0x000000070ea00000| PB 0x000000070ea00000| Untracked 
|  90|0x000000070ec00000, 0x000000070ec00000, 0x000000070ee00000|  0%| F|  |TAMS 0x000000070ec00000| PB 0x000000070ec00000| Untracked 
|  91|0x000000070ee00000, 0x000000070ee00000, 0x000000070f000000|  0%| F|  |TAMS 0x000000070ee00000| PB 0x000000070ee00000| Untracked 
|  92|0x000000070f000000, 0x000000070f000000, 0x000000070f200000|  0%| F|  |TAMS 0x000000070f000000| PB 0x000000070f000000| Untracked 
|  93|0x000000070f200000, 0x000000070f200000, 0x000000070f400000|  0%| F|  |TAMS 0x000000070f200000| PB 0x000000070f200000| Untracked 
|  94|0x000000070f400000, 0x000000070f400000, 0x000000070f600000|  0%| F|  |TAMS 0x000000070f400000| PB 0x000000070f400000| Untracked 
|  95|0x000000070f600000, 0x000000070f600000, 0x000000070f800000|  0%| F|  |TAMS 0x000000070f600000| PB 0x000000070f600000| Untracked 
|  96|0x000000070f800000, 0x000000070f800000, 0x000000070fa00000|  0%| F|  |TAMS 0x000000070f800000| PB 0x000000070f800000| Untracked 
|  97|0x000000070fa00000, 0x000000070fa00000, 0x000000070fc00000|  0%| F|  |TAMS 0x000000070fa00000| PB 0x000000070fa00000| Untracked 
|  98|0x000000070fc00000, 0x000000070fc00000, 0x000000070fe00000|  0%| F|  |TAMS 0x000000070fc00000| PB 0x000000070fc00000| Untracked 
|  99|0x000000070fe00000, 0x000000070fe00000, 0x0000000710000000|  0%| F|  |TAMS 0x000000070fe00000| PB 0x000000070fe00000| Untracked 
| 100|0x0000000710000000, 0x0000000710000000, 0x0000000710200000|  0%| F|  |TAMS 0x0000000710000000| PB 0x0000000710000000| Untracked 
| 101|0x0000000710200000, 0x0000000710200000, 0x0000000710400000|  0%| F|  |TAMS 0x0000000710200000| PB 0x0000000710200000| Untracked 
| 102|0x0000000710400000, 0x0000000710400000, 0x0000000710600000|  0%| F|  |TAMS 0x0000000710400000| PB 0x0000000710400000| Untracked 
| 103|0x0000000710600000, 0x0000000710600000, 0x0000000710800000|  0%| F|  |TAMS 0x0000000710600000| PB 0x0000000710600000| Untracked 
| 104|0x0000000710800000, 0x0000000710800000, 0x0000000710a00000|  0%| F|  |TAMS 0x0000000710800000| PB 0x0000000710800000| Untracked 
| 105|0x0000000710a00000, 0x0000000710a00000, 0x0000000710c00000|  0%| F|  |TAMS 0x0000000710a00000| PB 0x0000000710a00000| Untracked 
| 106|0x0000000710c00000, 0x0000000710c00000, 0x0000000710e00000|  0%| F|  |TAMS 0x0000000710c00000| PB 0x0000000710c00000| Untracked 
| 107|0x0000000710e00000, 0x0000000710e00000, 0x0000000711000000|  0%| F|  |TAMS 0x0000000710e00000| PB 0x0000000710e00000| Untracked 
| 108|0x0000000711000000, 0x0000000711000000, 0x0000000711200000|  0%| F|  |TAMS 0x0000000711000000| PB 0x0000000711000000| Untracked 
| 109|0x0000000711200000, 0x0000000711200000, 0x0000000711400000|  0%| F|  |TAMS 0x0000000711200000| PB 0x0000000711200000| Untracked 
| 110|0x0000000711400000, 0x0000000711400000, 0x0000000711600000|  0%| F|  |TAMS 0x0000000711400000| PB 0x0000000711400000| Untracked 
| 111|0x0000000711600000, 0x0000000711600000, 0x0000000711800000|  0%| F|  |TAMS 0x0000000711600000| PB 0x0000000711600000| Untracked 
| 112|0x0000000711800000, 0x0000000711800000, 0x0000000711a00000|  0%| F|  |TAMS 0x0000000711800000| PB 0x0000000711800000| Untracked 
| 113|0x0000000711a00000, 0x0000000711a00000, 0x0000000711c00000|  0%| F|  |TAMS 0x0000000711a00000| PB 0x0000000711a00000| Untracked 
| 114|0x0000000711c00000, 0x0000000711e00000, 0x0000000711e00000|100%| S|  |TAMS 0x0000000711c00000| PB 0x0000000711c00000| Complete 
| 115|0x0000000711e00000, 0x0000000712000000, 0x0000000712000000|100%| S|  |TAMS 0x0000000711e00000| PB 0x0000000711e00000| Complete 
| 116|0x0000000712000000, 0x0000000712200000, 0x0000000712200000|100%| E|CS|TAMS 0x0000000712000000| PB 0x0000000712000000| Complete 
| 117|0x0000000712200000, 0x0000000712400000, 0x0000000712400000|100%| E|CS|TAMS 0x0000000712200000| PB 0x0000000712200000| Complete 
| 118|0x0000000712400000, 0x0000000712600000, 0x0000000712600000|100%| E|CS|TAMS 0x0000000712400000| PB 0x0000000712400000| Complete 
| 119|0x0000000712600000, 0x0000000712800000, 0x0000000712800000|100%| E|CS|TAMS 0x0000000712600000| PB 0x0000000712600000| Complete 
| 120|0x0000000712800000, 0x0000000712a00000, 0x0000000712a00000|100%| E|CS|TAMS 0x0000000712800000| PB 0x0000000712800000| Complete 
| 121|0x0000000712a00000, 0x0000000712c00000, 0x0000000712c00000|100%| E|CS|TAMS 0x0000000712a00000| PB 0x0000000712a00000| Complete 
| 122|0x0000000712c00000, 0x0000000712e00000, 0x0000000712e00000|100%| E|CS|TAMS 0x0000000712c00000| PB 0x0000000712c00000| Complete 
| 123|0x0000000712e00000, 0x0000000713000000, 0x0000000713000000|100%| E|CS|TAMS 0x0000000712e00000| PB 0x0000000712e00000| Complete 
| 124|0x0000000713000000, 0x0000000713200000, 0x0000000713200000|100%| E|CS|TAMS 0x0000000713000000| PB 0x0000000713000000| Complete 
| 125|0x0000000713200000, 0x0000000713400000, 0x0000000713400000|100%| E|CS|TAMS 0x0000000713200000| PB 0x0000000713200000| Complete 
| 126|0x0000000713400000, 0x0000000713600000, 0x0000000713600000|100%| E|CS|TAMS 0x0000000713400000| PB 0x0000000713400000| Complete 

Card table byte_map: [0x000001ca1f120000,0x000001ca1f910000] _byte_map_base: 0x000001ca1b904000

Marking Bits: (CMBitMap*) 0x000001ca110d5730
 Bits: [0x000001ca1f910000, 0x000001ca23830000)

Polling page: 0x000001ca1b010000

Metaspace:

Usage:
  Non-class:      4.98 MB used.
      Class:    686.02 KB used.
       Both:      5.65 MB used.

Virtual space:
  Non-class space:       64.00 MB reserved,       5.12 MB (  8%) committed,  1 nodes.
      Class space:        1.00 GB reserved,     768.00 KB ( <1%) committed,  1 nodes.
             Both:        1.06 GB reserved,       5.88 MB ( <1%) committed. 

Chunk freelists:
   Non-Class:  10.64 MB
       Class:  15.20 MB
        Both:  25.83 MB

MaxMetaspaceSize: unlimited
CompressedClassSpaceSize: 1.00 GB
Initial GC threshold: 21.00 MB
Current GC threshold: 21.00 MB
CDS: on
 - commit_granule_bytes: 65536.
 - commit_granule_words: 8192.
 - virtual_space_node_default_size: 8388608.
 - enlarge_chunks_in_place: 1.
 - use_allocation_guard: 0.


Internal statistics:

num_allocs_failed_limit: 0.
num_arena_births: 196.
num_arena_deaths: 0.
num_vsnodes_births: 2.
num_vsnodes_deaths: 0.
num_space_committed: 94.
num_space_uncommitted: 0.
num_chunks_returned_to_freelist: 0.
num_chunks_taken_from_freelist: 239.
num_chunk_merges: 0.
num_chunk_splits: 155.
num_chunks_enlarged: 79.
num_inconsistent_stats: 0.

CodeCache: size=49152Kb used=4774Kb max_used=4774Kb free=44377Kb
 bounds [0x000001ca1b030000, 0x000001ca1b4e0000, 0x000001ca1e030000]
 total_blobs=1804 nmethods=1333 adapters=393
 compilation: enabled
              stopped_count=0, restarted_count=0
 full_count=0

Compilation events (20 events):
Event: 0.493 Thread 0x000001ca264331e0 1324       1       java.util.WeakHashMap::remove (131 bytes)
Event: 0.493 Thread 0x000001ca2632c200 nmethod 1321 0x000001ca1b4d5790 code [0x000001ca1b4d5920, 0x000001ca1b4d5a70]
Event: 0.493 Thread 0x000001ca26430900 nmethod 1314 0x000001ca1b4d5b90 code [0x000001ca1b4d5d60, 0x000001ca1b4d6148]
Event: 0.493 Thread 0x000001ca26430fd0 1323       1       java.util.Collections$SetFromMap::remove (19 bytes)
Event: 0.493 Thread 0x000001ca2632c200 1322       1       java.util.zip.Inflater::hasPendingOutput (5 bytes)
Event: 0.493 Thread 0x000001ca26430900 1326       1       java.util.concurrent.CopyOnWriteArrayList::setArray (6 bytes)
Event: 0.493 Thread 0x000001ca2632c200 nmethod 1322 0x000001ca1b4d6490 code [0x000001ca1b4d6620, 0x000001ca1b4d66f0]
Event: 0.493 Thread 0x000001ca26430900 nmethod 1326 0x000001ca1b4d6790 code [0x000001ca1b4d6920, 0x000001ca1b4d6a40]
Event: 0.493 Thread 0x000001ca26430fd0 nmethod 1323 0x000001ca1b4d6a90 code [0x000001ca1b4d6c40, 0x000001ca1b4d6d48]
Event: 0.494 Thread 0x000001ca26430fd0 1327       1       java.lang.invoke.MethodHandle::keepsAlive (20 bytes)
Event: 0.494 Thread 0x000001ca264331e0 nmethod 1324 0x000001ca1b4d7490 code [0x000001ca1b4d7680, 0x000001ca1b4d7b38]
Event: 0.494 Thread 0x000001ca26430fd0 nmethod 1327 0x000001ca1b4d8210 code [0x000001ca1b4d83c0, 0x000001ca1b4d85f8]
Event: 0.494 Thread 0x000001ca26430fd0 1329       1       java.security.AccessController::executePrivileged (65 bytes)
Event: 0.494 Thread 0x000001ca26430900 1330       1       java.security.CodeSource::getLocationNoFragString (5 bytes)
Event: 0.494 Thread 0x000001ca26430fd0 nmethod 1329 0x000001ca1b4d8710 code [0x000001ca1b4d88c0, 0x000001ca1b4d89d0]
Event: 0.494 Thread 0x000001ca26430900 nmethod 1330 0x000001ca1b4d8a90 code [0x000001ca1b4d8c20, 0x000001ca1b4d8cf0]
Event: 0.495 Thread 0x000001ca26430900 1331       1       jdk.internal.reflect.ByteVectorImpl::get (26 bytes)
Event: 0.495 Thread 0x000001ca26430900 nmethod 1331 0x000001ca1b4d9190 code [0x000001ca1b4d9340, 0x000001ca1b4d9490]
Event: 0.495 Thread 0x000001ca2632c200 1333       1       java.util.zip.ZipEntry::getSize (5 bytes)
Event: 0.495 Thread 0x000001ca2632c200 nmethod 1333 0x000001ca1b4d9590 code [0x000001ca1b4d9720, 0x000001ca1b4d97e8]

GC Heap History (1 events):
Event: 0.496 GC heap before
{Heap before GC invocations=0 (full 0):
 garbage-first heap   total 260096K, used 20480K [0x0000000703800000, 0x0000000800000000)
  region size 2048K, 11 young (22528K), 0 survivors (0K)
 Metaspace       used 5785K, committed 6016K, reserved 1114112K
  class space    used 686K, committed 768K, reserved 1048576K
}

Dll operation events (10 events):
Event: 0.011 Loaded shared library C:\Users\Пажылой вертолет\.jdks\corretto-21.0.6\bin\java.dll
Event: 0.152 Loaded shared library C:\Users\Пажылой вертолет\.jdks\corretto-21.0.6\bin\zip.dll
Event: 0.156 Loaded shared library C:\Users\Пажылой вертолет\.jdks\corretto-21.0.6\bin\instrument.dll
Event: 0.161 Loaded shared library C:\Users\Пажылой вертолет\.jdks\corretto-21.0.6\bin\net.dll
Event: 0.165 Loaded shared library C:\Users\Пажылой вертолет\.jdks\corretto-21.0.6\bin\nio.dll
Event: 0.169 Loaded shared library C:\Users\Пажылой вертолет\.jdks\corretto-21.0.6\bin\zip.dll
Event: 0.242 Loaded shared library C:\Users\Пажылой вертолет\.jdks\corretto-21.0.6\bin\jimage.dll
Event: 0.246 Loaded shared library C:\Users\Пажылой вертолет\.jdks\corretto-21.0.6\bin\extnet.dll
Event: 0.282 Loaded shared library C:\Users\Пажылой вертолет\.jdks\corretto-21.0.6\bin\management.dll
Event: 0.291 Loaded shared library C:\Users\Пажылой вертолет\.jdks\corretto-21.0.6\bin\management_ext.dll

Deoptimization events (0 events):
No events

Classes loaded (20 events):
Event: 0.492 Loading class java/rmi/server/RMIClassLoader$2
Event: 0.492 Loading class java/rmi/server/RMIClassLoaderSpi
Event: 0.492 Loading class java/rmi/server/RMIClassLoaderSpi done
Event: 0.492 Loading class java/rmi/server/RMIClassLoader$2 done
Event: 0.492 Loading class java/rmi/server/RMIClassLoader$1
Event: 0.492 Loading class java/rmi/server/RMIClassLoader$1 done
Event: 0.493 Loading class sun/rmi/server/LoaderHandler
Event: 0.493 Loading class sun/rmi/server/LoaderHandler done
Event: 0.494 Loading class java/io/ObjectInputStream$FilterValues
Event: 0.494 Loading class java/io/ObjectInputStream$FilterValues done
Event: 0.494 Loading class java/io/ObjectInputStream$Logging
Event: 0.494 Loading class java/io/ObjectInputStream$Logging done
Event: 0.494 Loading class jdk/internal/event/DeserializationEvent
Event: 0.494 Loading class jdk/internal/event/DeserializationEvent done
Event: 0.494 Loading class java/io/ObjectStreamClass$ExceptionInfo
Event: 0.494 Loading class java/io/ObjectStreamClass$ExceptionInfo done
Event: 0.495 Loading class java/io/ObjectInputStream$FieldValues
Event: 0.496 Loading class java/io/ObjectInputStream$GetField
Event: 0.496 Loading class java/io/ObjectInputStream$GetField done
Event: 0.496 Loading class java/io/ObjectInputStream$FieldValues done

Classes unloaded (0 events):
No events

Classes redefined (0 events):
No events

Internal exceptions (20 events):
Event: 0.245 Thread 0x000001ca10eafa30 Exception <a 'java/lang/NoSuchMethodError'{0x0000000712a3d320}: 'void java.lang.invoke.DirectMethodHandle$Holder.invokeVirtual(java.lang.Object, java.lang.Object)'> (0x0000000712a3d320) 
thrown [s\src\hotspot\share\interpreter\linkResolver.cpp, line 773]
Event: 0.245 Thread 0x000001ca10eafa30 Exception <a 'java/lang/NoSuchMethodError'{0x0000000712a40ce0}: 'void java.lang.invoke.DirectMethodHandle$Holder.invokeSpecial(java.lang.Object, java.lang.Object, java.lang.Object)'> (0x0000000712a40ce0) 
thrown [s\src\hotspot\share\interpreter\linkResolver.cpp, line 773]
Event: 0.248 Thread 0x000001ca26757260 Exception <a 'java/lang/NoSuchMethodError'{0x0000000712a79c30}: 'void java.lang.invoke.DirectMethodHandle$Holder.invokeStatic(java.lang.Object, java.lang.Object)'> (0x0000000712a79c30) 
thrown [s\src\hotspot\share\interpreter\linkResolver.cpp, line 773]
Event: 0.249 Thread 0x000001ca10eafa30 Exception <a 'java/lang/NoSuchMethodError'{0x0000000712a54430}: 'int java.lang.invoke.DirectMethodHandle$Holder.invokeSpecial(java.lang.Object, java.lang.Object, java.lang.Object, int)'> (0x0000000712a54430) 
thrown [s\src\hotspot\share\interpreter\linkResolver.cpp, line 773]
Event: 0.251 Thread 0x000001ca10eafa30 Exception <a 'java/lang/NoSuchMethodError'{0x0000000712a670f8}: 'java.lang.Object java.lang.invoke.DirectMethodHandle$Holder.invokeStatic(java.lang.Object, java.lang.Object, java.lang.Object, java.lang.Object, int)'> (0x0000000712a670f8) 
thrown [s\src\hotspot\share\interpreter\linkResolver.cpp, line 773]
Event: 0.252 Thread 0x000001ca10eafa30 Exception <a 'java/lang/NoSuchMethodError'{0x0000000712a6f268}: 'long java.lang.invoke.DirectMethodHandle$Holder.invokeStatic(java.lang.Object, java.lang.Object, int)'> (0x0000000712a6f268) 
thrown [s\src\hotspot\share\interpreter\linkResolver.cpp, line 773]
Event: 0.253 Thread 0x000001ca10eafa30 Exception <a 'java/lang/NoSuchMethodError'{0x0000000712aeb4d8}: 'java.lang.Object java.lang.invoke.DelegatingMethodHandle$Holder.reinvoke_L(java.lang.Object, int, long, java.lang.Object, java.lang.Object, int, java.lang.Object)'> (0x0000000712aeb4d8) 
thrown [s\src\hotspot\share\interpreter\linkResolver.cpp, line 773]
Event: 0.254 Thread 0x000001ca10eafa30 Exception <a 'java/lang/NoSuchMethodError'{0x0000000712aef828}: 'int java.lang.invoke.DirectMethodHandle$Holder.invokeSpecial(java.lang.Object, java.lang.Object, java.lang.Object)'> (0x0000000712aef828) 
thrown [s\src\hotspot\share\interpreter\linkResolver.cpp, line 773]
Event: 0.259 Thread 0x000001ca10eafa30 Exception <a 'java/lang/NoSuchMethodError'{0x0000000712b17748}: 'java.lang.Object java.lang.invoke.DirectMethodHandle$Holder.invokeStatic(java.lang.Object, java.lang.Object, int)'> (0x0000000712b17748) 
thrown [s\src\hotspot\share\interpreter\linkResolver.cpp, line 773]
Event: 0.261 Thread 0x000001ca10eafa30 Exception <a 'java/lang/NoSuchMethodError'{0x0000000712b23288}: 'void java.lang.invoke.DelegatingMethodHandle$Holder.delegate(java.lang.Object, java.lang.Object, int, java.lang.Object)'> (0x0000000712b23288) 
thrown [s\src\hotspot\share\interpreter\linkResolver.cpp, line 773]
Event: 0.294 Thread 0x000001ca10eafa30 Exception <a 'java/lang/NoSuchMethodError'{0x0000000712b5aca8}: 'int java.lang.invoke.DirectMethodHandle$Holder.invokeInterface(java.lang.Object, java.lang.Object)'> (0x0000000712b5aca8) 
thrown [s\src\hotspot\share\interpreter\linkResolver.cpp, line 773]
Event: 0.294 Thread 0x000001ca10eafa30 Exception <a 'java/lang/IncompatibleClassChangeError'{0x0000000712b5dec8}: Found class java.lang.Object, but interface was expected> (0x0000000712b5dec8) 
thrown [s\src\hotspot\share\interpreter\linkResolver.cpp, line 840]
Event: 0.354 Thread 0x000001ca263279e0 Exception <a 'java/lang/NoSuchMethodError'{0x00000007126fc7b8}: 'java.lang.Object java.lang.invoke.Invokers$Holder.invokeExact_MT(java.lang.Object, java.lang.Object, java.lang.Object, java.lang.Object, java.lang.Object, java.lang.Object)'> (0x00000007126fc7b8) 
thrown [s\src\hotspot\share\interpreter\linkResolver.cpp, line 773]
Event: 0.358 Thread 0x000001ca10eafa30 Exception <a 'java/lang/NoSuchMethodError'{0x000000071279b918}: 'java.lang.Object java.lang.invoke.DirectMethodHandle$Holder.invokeStaticInit(java.lang.Object, java.lang.Object, java.lang.Object)'> (0x000000071279b918) 
thrown [s\src\hotspot\share\interpreter\linkResolver.cpp, line 773]
Event: 0.400 Thread 0x000001ca10eafa30 Exception <a 'java/lang/NoSuchMethodError'{0x0000000712295d00}: 'int java.lang.invoke.DirectMethodHandle$Holder.invokeSpecialIFC(java.lang.Object, java.lang.Object, java.lang.Object)'> (0x0000000712295d00) 
thrown [s\src\hotspot\share\interpreter\linkResolver.cpp, line 773]
Event: 0.430 Thread 0x000001ca10eafa30 Exception <a 'java/lang/NoSuchMethodError'{0x0000000712308820}: 'java.lang.Object java.lang.invoke.DirectMethodHandle$Holder.invokeStaticInit(java.lang.Object, int, int, int, int)'> (0x0000000712308820) 
thrown [s\src\hotspot\share\interpreter\linkResolver.cpp, line 773]
Event: 0.450 Thread 0x000001ca10eafa30 Exception <a 'java/lang/NoSuchMethodError'{0x00000007123df000}: 'java.lang.Object java.lang.invoke.DirectMethodHandle$Holder.invokeStaticInit(java.lang.Object, java.lang.Object, int, int, int, int)'> (0x00000007123df000) 
thrown [s\src\hotspot\share\interpreter\linkResolver.cpp, line 773]
Event: 0.462 Thread 0x000001ca10eafa30 Exception <a 'java/lang/ClassNotFoundException'{0x00000007123ff5b0}: javax/management/remote/rmi/RMIServerImpl_Skel> (0x00000007123ff5b0) 
thrown [s\src\hotspot\share\classfile\systemDictionary.cpp, line 312]
Event: 0.469 Thread 0x000001ca10eafa30 Exception <a 'java/lang/NoSuchMethodError'{0x000000071201b098}: 'long java.lang.invoke.DirectMethodHandle$Holder.invokeSpecial(java.lang.Object, java.lang.Object)'> (0x000000071201b098) 
thrown [s\src\hotspot\share\interpreter\linkResolver.cpp, line 773]
Event: 0.469 Thread 0x000001ca10eafa30 Exception <a 'java/lang/NoSuchMethodError'{0x000000071201e780}: 'long java.lang.invoke.Invokers$Holder.invokeExact_MT(java.lang.Object, java.lang.Object)'> (0x000000071201e780) 
thrown [s\src\hotspot\share\interpreter\linkResolver.cpp, line 773]

ZGC Phase Switch (0 events):
No events

VM Operations (20 events):
Event: 0.142 Executing VM operation: HandshakeAllThreads (Deoptimize) done
Event: 0.240 Executing VM operation: HandshakeAllThreads (Deoptimize)
Event: 0.240 Executing VM operation: HandshakeAllThreads (Deoptimize) done
Event: 0.259 Executing VM operation: HandshakeAllThreads (Deoptimize)
Event: 0.259 Executing VM operation: HandshakeAllThreads (Deoptimize) done
Event: 0.298 Executing VM operation: HandshakeAllThreads (Deoptimize)
Event: 0.298 Executing VM operation: HandshakeAllThreads (Deoptimize) done
Event: 0.343 Executing VM operation: HandshakeAllThreads (Deoptimize)
Event: 0.343 Executing VM operation: HandshakeAllThreads (Deoptimize) done
Event: 0.410 Executing VM operation: HandshakeAllThreads (Deoptimize)
Event: 0.410 Executing VM operation: HandshakeAllThreads (Deoptimize) done
Event: 0.461 Executing VM operation: HandshakeAllThreads (Deoptimize)
Event: 0.461 Executing VM operation: HandshakeAllThreads (Deoptimize) done
Event: 0.462 Executing VM operation: HandshakeAllThreads (Deoptimize)
Event: 0.462 Executing VM operation: HandshakeAllThreads (Deoptimize) done
Event: 0.475 Executing VM operation: HandshakeAllThreads (Deoptimize)
Event: 0.475 Executing VM operation: HandshakeAllThreads (Deoptimize) done
Event: 0.494 Executing VM operation: ICBufferFull
Event: 0.494 Executing VM operation: ICBufferFull done
Event: 0.495 Executing VM operation: G1CollectForAllocation (G1 Evacuation Pause)

Memory protections (0 events):
No events

Nmethod flushes (0 events):
No events

Events (16 events):
Event: 0.027 Thread 0x000001ca10eafa30 Thread added: 0x000001ca10eafa30
Event: 0.050 Thread 0x000001ca10eafa30 Thread added: 0x000001ca263001a0
Event: 0.050 Thread 0x000001ca10eafa30 Thread added: 0x000001ca26300fa0
Event: 0.050 Thread 0x000001ca10eafa30 Thread added: 0x000001ca26304cf0
Event: 0.050 Thread 0x000001ca10eafa30 Thread added: 0x000001ca263279e0
Event: 0.051 Thread 0x000001ca10eafa30 Thread added: 0x000001ca26328d80
Event: 0.051 Thread 0x000001ca10eafa30 Thread added: 0x000001ca2632a2d0
Event: 0.051 Thread 0x000001ca10eafa30 Thread added: 0x000001ca2632c200
Event: 0.137 Thread 0x000001ca10eafa30 Thread added: 0x000001ca2642f0a0
Event: 0.142 Thread 0x000001ca2632c200 Thread added: 0x000001ca264331e0
Event: 0.238 Thread 0x000001ca10eafa30 Thread added: 0x000001ca26757260
Event: 0.238 Thread 0x000001ca10eafa30 Thread added: 0x000001ca267578c0
Event: 0.331 Thread 0x000001ca2632c200 Thread added: 0x000001ca26430900
Event: 0.331 Thread 0x000001ca2632c200 Thread added: 0x000001ca26430fd0
Event: 0.467 Thread 0x000001ca10eafa30 Thread added: 0x000001ca26b733d0
Event: 0.483 Thread 0x000001ca26b733d0 Thread added: 0x000001ca26b81fc0


Dynamic libraries:
0x00007ff7633a0000 - 0x00007ff7633ae000 	C:\Users\Пажылой вертолет\.jdks\corretto-21.0.6\bin\java.exe
0x00007ff991cd0000 - 0x00007ff991ec8000 	C:\WINDOWS\SYSTEM32\ntdll.dll
0x00007ff990310000 - 0x00007ff9903d2000 	C:\WINDOWS\System32\KERNEL32.DLL
0x00007ff98f760000 - 0x00007ff98fa56000 	C:\WINDOWS\System32\KERNELBASE.dll
0x00007ff98f4c0000 - 0x00007ff98f5c0000 	C:\WINDOWS\System32\ucrtbase.dll
0x00007ff986320000 - 0x00007ff986338000 	C:\Users\Пажылой вертолет\.jdks\corretto-21.0.6\bin\jli.dll
0x00007ff991650000 - 0x00007ff9917ed000 	C:\WINDOWS\System32\USER32.dll
0x00007ff98f610000 - 0x00007ff98f632000 	C:\WINDOWS\System32\win32u.dll
0x00007ff990860000 - 0x00007ff99088b000 	C:\WINDOWS\System32\GDI32.dll
0x00007ff98f640000 - 0x00007ff98f75a000 	C:\WINDOWS\System32\gdi32full.dll
0x00007ff98fc50000 - 0x00007ff98fced000 	C:\WINDOWS\System32\msvcp_win.dll
0x00007ff983b70000 - 0x00007ff983b8b000 	C:\Users\Пажылой вертолет\.jdks\corretto-21.0.6\bin\VCRUNTIME140.dll
0x00007ff96a3a0000 - 0x00007ff96a63a000 	C:\WINDOWS\WinSxS\amd64_microsoft.windows.common-controls_6595b64144ccf1df_6.0.19041.4355_none_60b8b9eb71f62e16\COMCTL32.dll
0x00007ff98fd00000 - 0x00007ff98fd9e000 	C:\WINDOWS\System32\msvcrt.dll
0x00007ff990080000 - 0x00007ff9900af000 	C:\WINDOWS\System32\IMM32.DLL
0x00007ff988040000 - 0x00007ff98804c000 	C:\Users\Пажылой вертолет\.jdks\corretto-21.0.6\bin\vcruntime140_1.dll
0x00007ff964630000 - 0x00007ff9646bd000 	C:\Users\Пажылой вертолет\.jdks\corretto-21.0.6\bin\msvcp140.dll
0x00007ff936ca0000 - 0x00007ff937a3f000 	C:\Users\Пажылой вертолет\.jdks\corretto-21.0.6\bin\server\jvm.dll
0x00007ff9917f0000 - 0x00007ff99189f000 	C:\WINDOWS\System32\ADVAPI32.dll
0x00007ff9911c0000 - 0x00007ff99125f000 	C:\WINDOWS\System32\sechost.dll
0x00007ff991a50000 - 0x00007ff991b73000 	C:\WINDOWS\System32\RPCRT4.dll
0x00007ff98fc20000 - 0x00007ff98fc47000 	C:\WINDOWS\System32\bcrypt.dll
0x00007ff9908b0000 - 0x00007ff99091b000 	C:\WINDOWS\System32\WS2_32.dll
0x00007ff98e860000 - 0x00007ff98e8ab000 	C:\WINDOWS\SYSTEM32\POWRPROF.dll
0x00007ff980250000 - 0x00007ff980277000 	C:\WINDOWS\SYSTEM32\WINMM.dll
0x00007ff989da0000 - 0x00007ff989daa000 	C:\WINDOWS\SYSTEM32\VERSION.dll
0x00007ff98e720000 - 0x00007ff98e732000 	C:\WINDOWS\SYSTEM32\UMPDC.dll
0x00007ff98db40000 - 0x00007ff98db52000 	C:\WINDOWS\SYSTEM32\kernel.appcore.dll
0x00007ff987f30000 - 0x00007ff987f3a000 	C:\Users\Пажылой вертолет\.jdks\corretto-21.0.6\bin\jimage.dll
0x00007ff98d080000 - 0x00007ff98d264000 	C:\WINDOWS\SYSTEM32\DBGHELP.DLL
0x00007ff9862e0000 - 0x00007ff986314000 	C:\WINDOWS\SYSTEM32\dbgcore.DLL
0x00007ff98fae0000 - 0x00007ff98fb62000 	C:\WINDOWS\System32\bcryptPrimitives.dll
0x00007ff987e80000 - 0x00007ff987e8e000 	C:\Users\Пажылой вертолет\.jdks\corretto-21.0.6\bin\instrument.dll
0x00007ff981bf0000 - 0x00007ff981c0f000 	C:\Users\Пажылой вертолет\.jdks\corretto-21.0.6\bin\java.dll
0x00007ff990930000 - 0x00007ff99109f000 	C:\WINDOWS\System32\SHELL32.dll
0x00007ff98d380000 - 0x00007ff98db23000 	C:\WINDOWS\SYSTEM32\windows.storage.dll
0x00007ff9912f0000 - 0x00007ff991645000 	C:\WINDOWS\System32\combase.dll
0x00007ff98ecb0000 - 0x00007ff98ecdb000 	C:\WINDOWS\SYSTEM32\Wldp.dll
0x00007ff98fda0000 - 0x00007ff98fe6d000 	C:\WINDOWS\System32\OLEAUT32.dll
0x00007ff9901d0000 - 0x00007ff99027d000 	C:\WINDOWS\System32\SHCORE.dll
0x00007ff990110000 - 0x00007ff990165000 	C:\WINDOWS\System32\shlwapi.dll
0x00007ff98f290000 - 0x00007ff98f2b5000 	C:\WINDOWS\SYSTEM32\profapi.dll
0x00007ff97a460000 - 0x00007ff97a478000 	C:\Users\Пажылой вертолет\.jdks\corretto-21.0.6\bin\zip.dll
0x00007ff987ea0000 - 0x00007ff987eb0000 	C:\Users\Пажылой вертолет\.jdks\corretto-21.0.6\bin\net.dll
0x00007ff987570000 - 0x00007ff98767a000 	C:\WINDOWS\SYSTEM32\WINHTTP.dll
0x00007ff98ea90000 - 0x00007ff98eafc000 	C:\WINDOWS\system32\mswsock.dll
0x00007ff981ac0000 - 0x00007ff981ad6000 	C:\Users\Пажылой вертолет\.jdks\corretto-21.0.6\bin\nio.dll
0x00007ff984cf0000 - 0x00007ff984cf9000 	C:\Users\Пажылой вертолет\.jdks\corretto-21.0.6\bin\extnet.dll
0x00007ff98e790000 - 0x00007ff98e85a000 	C:\WINDOWS\SYSTEM32\DNSAPI.dll
0x00007ff98e740000 - 0x00007ff98e77b000 	C:\WINDOWS\SYSTEM32\IPHLPAPI.DLL
0x00007ff98fcf0000 - 0x00007ff98fcf8000 	C:\WINDOWS\System32\NSI.dll
0x00007ff988ff0000 - 0x00007ff988ffa000 	C:\Windows\System32\rasadhlp.dll
0x00007ff9852b0000 - 0x00007ff985330000 	C:\WINDOWS\System32\fwpuclnt.dll
0x00007ff986a00000 - 0x00007ff986a09000 	C:\Users\Пажылой вертолет\.jdks\corretto-21.0.6\bin\management.dll
0x00007ff960d30000 - 0x00007ff960d3b000 	C:\Users\Пажылой вертолет\.jdks\corretto-21.0.6\bin\management_ext.dll
0x00007ff990920000 - 0x00007ff990928000 	C:\WINDOWS\System32\PSAPI.DLL
0x00007ff98ecf0000 - 0x00007ff98ed08000 	C:\WINDOWS\SYSTEM32\CRYPTSP.dll
0x00007ff98e360000 - 0x00007ff98e398000 	C:\WINDOWS\system32\rsaenh.dll
0x00007ff98f210000 - 0x00007ff98f23e000 	C:\WINDOWS\SYSTEM32\USERENV.dll
0x00007ff98ec20000 - 0x00007ff98ec2c000 	C:\WINDOWS\SYSTEM32\CRYPTBASE.dll
0x00007ff95fe50000 - 0x00007ff95fe67000 	C:\WINDOWS\system32\napinsp.dll
0x00007ff95fe30000 - 0x00007ff95fe4b000 	C:\WINDOWS\system32\pnrpnsp.dll
0x00007ff98b940000 - 0x00007ff98b955000 	C:\WINDOWS\system32\wshbth.dll
0x00007ff98a5e0000 - 0x00007ff98a5fd000 	C:\WINDOWS\system32\NLAapi.dll
0x00007ff95fe10000 - 0x00007ff95fe22000 	C:\WINDOWS\System32\winrnr.dll

dbghelp: loaded successfully - version: 4.0.5 - missing functions: none
symbol engine: initialized successfully - sym options: 0x614 - pdb path: .;C:\Users\Пажылой вертолет\.jdks\corretto-21.0.6\bin;C:\WINDOWS\SYSTEM32;C:\WINDOWS\WinSxS\amd64_microsoft.windows.common-controls_6595b64144ccf1df_6.0.19041.4355_none_60b8b9eb71f62e16;C:\Users\Пажылой вертолет\.jdks\corretto-21.0.6\bin\server

VM Arguments:
jvm_args: -XX:TieredStopAtLevel=1 -Dspring.output.ansi.enabled=always -Dcom.sun.management.jmxremote -Dspring.jmx.enabled=true -Dspring.liveBeansView.mbeanDomain -Dspring.application.admin.enabled=true -Dmanagement.endpoints.jmx.exposure.include=* -javaagent:C:\Users\Пажылой вертолет\AppData\Local\JetBrains\IntelliJ IDEA 2024.3.5\lib\idea_rt.jar=53463 -Dfile.encoding=UTF-8 -Dsun.stdout.encoding=UTF-8 -Dsun.stderr.encoding=UTF-8 
java_command: com.relex.messenger.MessengerApplication
java_class_path (initial): C:\Users\Пажылой вертолет\Downloads\messenger\messenger\target\classes;C:\Users\Пажылой вертолет\.m2\repository\org\springframework\boot\spring-boot-starter-data-jpa\3.4.4\spring-boot-starter-data-jpa-3.4.4.jar;C:\Users\Пажылой вертолет\.m2\repository\org\springframework\boot\spring-boot-starter\3.4.4\spring-boot-starter-3.4.4.jar;C:\Users\Пажылой вертолет\.m2\repository\org\springframework\boot\spring-boot-starter-logging\3.4.4\spring-boot-starter-logging-3.4.4.jar;C:\Users\Пажылой вертолет\.m2\repository\ch\qos\logback\logback-classic\1.5.18\logback-classic-1.5.18.jar;C:\Users\Пажылой вертолет\.m2\repository\ch\qos\logback\logback-core\1.5.18\logback-core-1.5.18.jar;C:\Users\Пажылой вертолет\.m2\repository\org\apache\logging\log4j\log4j-to-slf4j\2.24.3\log4j-to-slf4j-2.24.3.jar;C:\Users\Пажылой вертолет\.m2\repository\org\apache\logging\log4j\log4j-api\2.24.3\log4j-api-2.24.3.jar;C:\Users\Пажылой вертолет\.m2\repository\org\slf4j\jul-to-slf4j\2.0.17\jul-to-slf4j-2.0.17.jar;C:\Users\Пажылой вертолет\.m2\repository\jakarta\annotation\jakarta.annotation-api\2.1.1\jakarta.annotation-api-2.1.1.jar;C:\Users\Пажылой вертолет\.m2\repository\org\yaml\snakeyaml\2.3\snakeyaml-2.3.jar;C:\Users\Пажылой вертолет\.m2\repository\org\springframework\boot\spring-boot-starter-jdbc\3.4.4\spring-boot-starter-jdbc-3.4.4.jar;C:\Users\Пажылой вертолет\.m2\repository\com\zaxxer\HikariCP\5.1.0\HikariCP-5.1.0.jar;C:\Users\Пажылой вертолет\.m2\repository\org\springframework\spring-jdbc\6.2.5\spring-jdbc-6.2.5.jar;C:\Users\Пажылой вертолет\.m2\repository\org\hibernate\orm\hibernate-core\6.6.11.Final\hibernate-core-6.6.11.Final.jar;C:\Users\Пажылой вертолет\.m2\repository\jakarta\persistence\jakarta.persistence-api\3.1.0\jakarta.persistence-api-3.1.0.jar;C:\Users\Пажылой вертолет\.m2\repository\jakarta\transaction\jakarta.transaction-api\2.0.1\jakarta.transaction-api-2.0.1.jar;C:\Users\Пажылой вертолет\.m2\repository\org\jboss\logging\jboss-logging\3.6.1.Final\jboss-logging-3.6.1.Final.jar;C:\Users\Пажылой вертолет\.m2\repository\org\hibernate\common\hibernate-commons-annotations\7.0.3.Final\hibernate-commons-annotations-7.0.3.Final.jar;C:\Users\Пажылой вертолет\.m2\repository\io\smallrye\jandex\3.2.0\jandex-3.2.0.jar;C:\Users\Пажылой вертолет\.m2\repository\com\fasterxml\classmate\1.7.0\classmate-1.7.0.jar;C:\Users\Пажылой вертолет\.m2\repository\net\bytebuddy\byte-buddy\1.15.11\byte-buddy-1.15.11.jar;C:\Users\Пажылой вертолет\.m2\repository\org\glassfish\jaxb\jaxb-runtime\4.0.5\jaxb-runtime-4.0.5.jar;C:\Users\Пажылой вертолет\.m2\repository\org\glassfish\jaxb\jaxb-core\4.0.5\jaxb-core-4.0.5.jar;C:\Users\Пажылой вертолет\.m2\repository\org\eclipse\angus\angus-activation\2.0.2\angus-activation-2.0.2.jar;C:\Users\Пажылой вертолет\.m2\repository\org\glassfish\jaxb\txw2\4.0.5\txw2-4.0.5.jar;C:\Users\Пажылой вертолет\.m2\repository\com\sun\istack\istack-commons-runtime\4.1.2\istack-commons-runtime-4.1.2.jar;C:\Users\Пажылой вертолет\.m2\repository\jakarta\inject\jakarta.inject-api\2.0.1\jakarta.inject-api-2.0.1.jar;C:\Users\Пажылой вертолет\.m2\repository\org\antlr\antlr4-runtime\4.13.0\antlr4-runtime-4.13.0.jar;C:\Users\Пажылой вертолет\.m2\repository\org\springframework\data\spring-data-jpa\3.4.4\spring-data-jpa-3.4.4.jar;C:\Users\Пажылой вертолет\.m2\repository\org\springframework\data\spring-data-commons\3.4.4\spring-data-commons-3.4.4.jar;C:\Users\Пажылой вертолет\.m2\repository\org\springframework\spring-orm\6.2.5\spring-orm-6.2.5.jar;C:\Users\Пажылой вертолет\.m2\repository\org\springframework\spring-context\6.2.5\spring-context-6.2.5.jar;C:\Users\Пажылой вертолет\.m2\repository\org\springframework\spring-tx\6.2.5\spring-tx-6.2.5.jar;C:\Users\Пажылой вертолет\.m2\repository\org\springframework\spring-beans\6.2.5\spring-beans-6.2.5.jar;C:\Users\Пажылой вертолет\.m2\repository\org\slf4j\slf4j-api\2.0.17\slf4j-api-2.0.17.jar;C:\Users\Пажылой вертолет\.m2\repository\org\springframework\spring-aspects\6.2.5\spring-aspects-6.2.5.jar;C:\Users\Пажылой вертолет\.m2\repository\org\aspectj\aspectjweaver\1.9.23\aspectjweaver-1.9.23.jar;C:\Users\Пажылой вертолет\.m2\repository\org\springframework\boot\spring-boot-starter-security\3.4.4\spring-boot-starter-security-3.4.4.jar;C:\Users\Пажылой вертолет\.m2\repository\org\springframework\spring-aop\6.2.5\spring-aop-6.2.5.jar;C:\Users\Пажылой вертолет\.m2\repository\org\springframework\security\spring-security-config\6.4.4\spring-security-config-6.4.4.jar;C:\Users\Пажылой вертолет\.m2\repository\org\springframework\security\spring-security-web\6.4.4\spring-security-web-6.4.4.jar;C:\Users\Пажылой вертолет\.m2\repository\org\springframework\spring-expression\6.2.5\spring-expression-6.2.5.jar;C:\Users\Пажылой вертолет\.m2\repository\org\springframework\boot\spring-boot-starter-validation\3.4.4\spring-boot-starter-validation-3.4.4.jar;C:\Users\Пажылой вертолет\.m2\repository\org\apache\tomcat\embed\tomcat-embed-el\10.1.39\tomcat-embed-el-10.1.39.jar;C:\Users\Пажылой вертолет\.m2\repository\org\hibernate\validator\hibernate-validator\8.0.2.Final\hibernate-validator-8.0.2.Final.jar;C:\Users\Пажылой вертолет\.m2\repository\jakarta\validation\jakarta.validation-api\3.0.2\jakarta.validation-api-3.0.2.jar;C:\Users\Пажылой вертолет\.m2\repository\org\springframework\boot\spring-boot-starter-web\3.4.4\spring-boot-starter-web-3.4.4.jar;C:\Users\Пажылой вертолет\.m2\repository\org\springframework\boot\spring-boot-starter-json\3.4.4\spring-boot-starter-json-3.4.4.jar;C:\Users\Пажылой вертолет\.m2\repository\com\fasterxml\jackson\datatype\jackson-datatype-jdk8\2.18.3\jackson-datatype-jdk8-2.18.3.jar;C:\Users\Пажылой вертолет\.m2\repository\com\fasterxml\jackson\datatype\jackson-datatype-jsr310\2.18.3\jackson-datatype-jsr310-2.18.3.jar;C:\Users\Пажылой вертолет\.m2\repository\com\fasterxml\jackson\module\jackson-module-parameter-names\2.18.3\jackson-module-parameter-names-2.18.3.jar;C:\Users\Пажылой вертолет\.m2\repository\org\springframework\boot\spring-boot-starter-tomcat\3.4.4\spring-boot-starter-tomcat-3.4.4.jar;C:\Users\Пажылой вертолет\.m2\repository\org\apache\tomcat\embed\tomcat-embed-core\10.1.39\tomcat-embed-core-10.1.39.jar;C:\Users\Пажылой вертолет\.m2\repository\org\apache\tomcat\embed\tomcat-embed-websocket\10.1.39\tomcat-embed-websocket-10.1.39.jar;C:\Users\Пажылой вертолет\.m2\repository\org\springframework\spring-web\6.2.5\spring-web-6.2.5.jar;C:\Users\Пажылой вертолет\.m2\repository\io\micrometer\micrometer-observation\1.14.5\micrometer-observation-1.14.5.jar;C:\Users\Пажылой вертолет\.m2\repository\io\micrometer\micrometer-commons\1.14.5\micrometer-commons-1.14.5.jar;C:\Users\Пажылой вертолет\.m2\repository\org\springframework\spring-webmvc\6.2.5\spring-webmvc-6.2.5.jar;C:\Users\Пажылой вертолет\.m2\repository\org\postgresql\postgresql\42.7.5\postgresql-42.7.5.jar;C:\Users\Пажылой вертолет\.m2\repository\org\checkerframework\checker-qual\3.48.3\checker-qual-3.48.3.jar;C:\Users\Пажылой вертолет\.m2\repository\org\projectlombok\lombok\1.18.32\lombok-1.18.32.jar;C:\Users\Пажылой вертолет\.m2\repository\org\springframework\boot\spring-boot-devtools\3.4.4\spring-boot-devtools-3.4.4.jar;C:\Users\Пажылой вертолет\.m2\repository\org\springframework\boot\spring-boot\3.4.4\spring-boot-3.4.4.jar;C:\Users\Пажылой вертолет\.m2\repository\org\springframework\boot\spring-boot-autoconfigure\3.4.4\spring-boot-autoconfigure-3.4.4.jar;C:\Users\Пажылой вертолет\.m2\repository\io\jsonwebtoken\jjwt-api\0.11.5\jjwt-api-0.11.5.jar;C:\Users\Пажылой вертолет\.m2\repository\io\jsonwebtoken\jjwt-impl\0.11.5\jjwt-impl-0.11.5.jar;C:\Users\Пажылой вертолет\.m2\repository\io\jsonwebtoken\jjwt-jackson\0.11.5\jjwt-jackson-0.11.5.jar;C:\Users\Пажылой вертолет\.m2\repository\com\fasterxml\jackson\core\jackson-databind\2.18.3\jackson-databind-2.18.3.jar;C:\Users\Пажылой вертолет\.m2\repository\com\fasterxml\jackson\core\jackson-annotations\2.18.3\jackson-annotations-2.18.3.jar;C:\Users\Пажылой вертолет\.m2\repository\com\fasterxml\jackson\core\jackson-core\2.18.3\jackson-core-2.18.3.jar;C:\Users\Пажылой вертолет\.m2\repository\jakarta\xml\bind\jakarta.xml.bind-api\4.0.2\jakarta.xml.bind-api-4.0.2.jar;C:\Users\Пажылой вертолет\.m2\repository\jakarta\activation\jakarta.activation-api\2.1.3\jakarta.activation-api-2.1.3.jar;C:\Users\Пажылой вертолет\.m2\repository\org\springframework\spring-core\6.2.5\spring-core-6.2.5.jar;C:\Users\Пажылой вертолет\.m2\repository\org\springframework\spring-jcl\6.2.5\spring-jcl-6.2.5.jar;C:\Users\Пажылой вертолет\.m2\repository\org\springframework\security\spring-security-core\6.4.4\spring-security-core-6.4.4.jar;C:\Users\Пажылой вертолет\.m2\repository\org\springframework\security\spring-security-crypto\6.4.4\spring-security-crypto-6.4.4.jar;C:\Users\Пажылой вертолет\.m2\repository\org\jetbrains\annotations\24.1.0\annotations-24.1.0.jar;C:\Users\Пажылой вертолет\.m2\repository\org\springframework\boot\spring-boot-starter-websocket\3.4.4\spring-boot-starter-websocket-3.4.4.jar;C:\Users\Пажылой вертолет\.m2\repository\org\springframework\spring-messaging\6.2.5\spring-messaging-6.2.5.jar;C:\Users\Пажылой вертолет\.m2\repository\org\springframework\spring-websocket\6.2.5\spring-websocket-6.2.5.jar
Launcher Type: SUN_STANDARD

[Global flags]
     intx CICompilerCount                          = 4                                         {product} {ergonomic}
     uint ConcGCThreads                            = 2                                         {product} {ergonomic}
     uint G1ConcRefinementThreads                  = 8                                         {product} {ergonomic}
   size_t G1HeapRegionSize                         = 2097152                                   {product} {ergonomic}
    uintx GCDrainStackTargetSize                   = 64                                        {product} {ergonomic}
   size_t InitialHeapSize                          = 266338304                                 {product} {ergonomic}
     bool ManagementServer                         = true                                      {product} {command line}
   size_t MarkStackSize                            = 4194304                                   {product} {ergonomic}
   size_t MaxHeapSize                              = 4236247040                                {product} {ergonomic}
   size_t MaxNewSize                               = 2541748224                                {product} {ergonomic}
   size_t MinHeapDeltaBytes                        = 2097152                                   {product} {ergonomic}
   size_t MinHeapSize                              = 8388608                                   {product} {ergonomic}
    uintx NonNMethodCodeHeapSize                   = 4096                                   {pd product} {ergonomic}
    uintx NonProfiledCodeHeapSize                  = 0                                      {pd product} {ergonomic}
     bool ProfileInterpreter                       = false                                  {pd product} {command line}
    uintx ProfiledCodeHeapSize                     = 0                                      {pd product} {ergonomic}
   size_t SoftMaxHeapSize                          = 4236247040                             {manageable} {ergonomic}
     intx TieredStopAtLevel                        = 1                                         {product} {command line}
     bool UseCompressedOops                        = true                           {product lp64_product} {ergonomic}
     bool UseG1GC                                  = true                                      {product} {ergonomic}
     bool UseLargePagesIndividualAllocation        = false                                  {pd product} {ergonomic}

Logging:
Log output configuration:
 #0: stdout all=warning uptime,level,tags foldmultilines=false
 #1: stderr all=off uptime,level,tags foldmultilines=false

Environment Variables:
PATH=C:\Program Files\Microsoft MPI\Bin\;C:\ProgramData\Oracle\Java\javapath;C:\WINDOWS\system32;C:\WINDOWS;C:\WINDOWS\System32\Wbem;C:\WINDOWS\System32\WindowsPowerShell\v1.0\;C:\WINDOWS\System32\OpenSSH\;C:\Program Files (x86)\NVIDIA Corporation\PhysX\Common;C:\Program Files\MATLAB\R2022a\runtime\win64;C:\Program Files\MATLAB\R2022a\bin;C:\Program Files\Git\cmd;C:\Program Files\gs\gs10.00.0\bin;C:\Program Files\Docker\Docker\resources\bin;C:\Program Files (x86)\Gpg4win\..\GnuPG\bin;C:\Program Files\NVIDIA Corporation\NVIDIA app\NvDLISR;C:\Program Files\dotnet\;C:\Users\Пажылой вертолет\AppData\Local\Microsoft\WindowsApps;C:\Program Files\JetBrains\IntelliJ IDEA Community Edition 2024.2.1\bin;;C:\Users\Пажылой вертолет\AppData\Local\Programs\MiKTeX\miktex\bin\x64\;C:\Program Files\JetBrains\PyCharm Community Edition 2022.3\bin;
USERNAME=Пажылой вертолет
OS=Windows_NT
PROCESSOR_IDENTIFIER=Intel64 Family 6 Model 165 Stepping 2, GenuineIntel
TMP=C:\Users\8CAF~1\AppData\Local\Temp
TEMP=C:\Users\8CAF~1\AppData\Local\Temp




Periodic native trim disabled

---------------  S Y S T E M  ---------------

OS:
 Windows 10 , 64 bit Build 19041 (10.0.19041.5678)
OS uptime: 12 days 10:49 hours
Hyper-V role detected

CPU: total 8 (initial active 8) (4 cores per cpu, 2 threads per core) family 6 model 165 stepping 2 microcode 0xc8, cx8, cmov, fxsr, ht, mmx, 3dnowpref, sse, sse2, sse3, ssse3, sse4.1, sse4.2, popcnt, lzcnt, tsc, tscinvbit, avx, avx2, aes, erms, clmul, bmi1, bmi2, adx, fma, vzeroupper, clflush, clflushopt, hv, rdtscp, f16c
Processor Information for the first 8 processors :
  Max Mhz: 2496, Current Mhz: 2496, Mhz Limit: 2496

Memory: 4k page, system-wide physical 16154M (1905M free)
TotalPageFile size 22154M (AvailPageFile size 2M)
current process WorkingSet (physical memory assigned to process): 76M, peak: 76M
current process commit charge ("private bytes"): 348M, peak: 348M

vm_info: OpenJDK 64-Bit Server VM (21.0.6+7-LTS) for windows-amd64 JRE (21.0.6+7-LTS), built on 2025-01-07T23:42:01Z by "Administrator" with MS VC++ 16.10 / 16.11 (VS2019)

END.
