#
# There is insufficient memory for the Java Runtime Environment to continue.
# Native memory allocation (malloc) failed to allocate 32744 bytes. Error detail: Chunk::new
# Possible reasons:
#   The system is out of physical RAM or swap space
#   This process is running with CompressedOops enabled, and the Java Heap may be blocking the growth of the native heap
# Possible solutions:
#   Reduce memory load on the system
#   Increase physical memory or swap space
#   Check if swap backing store is full
#   Decrease Java heap size (-Xmx/-Xms)
#   Decrease number of Java threads
#   Decrease Java thread stack sizes (-Xss)
#   Set larger code cache with -XX:ReservedCodeCacheSize=
#   JVM is running with Zero Based Compressed Oops mode in which the Java heap is
#     placed in the first 32GB address space. The Java Heap base address is the
#     maximum limit for the native heap growth. Please use -XX:HeapBaseMinAddress
#     to set the Java Heap base and to place the Java Heap above 32GB virtual address.
# This output file may be truncated or incomplete.
#
#  Out of Memory Error (arena.cpp:168), pid=10844, tid=13804
#
# JRE version: OpenJDK Runtime Environment Corretto-21.0.6.7.1 (21.0.6+7) (build 21.0.6+7-LTS)
# Java VM: OpenJDK 64-Bit Server VM Corretto-21.0.6.7.1 (21.0.6+7-LTS, mixed mode, sharing, tiered, compressed oops, compressed class ptrs, g1 gc, windows-amd64)
# No core dump will be written. Minidumps are not enabled by default on client versions of Windows
#

---------------  S U M M A R Y ------------

Command Line: -ea -Didea.test.cyclic.buffer.size=1048576 -javaagent:C:\Users\Пажылой вертолет\AppData\Local\JetBrains\IntelliJ IDEA 2024.3.5\lib\idea_rt.jar=53299 -javaagent:C:\Users\8CAF~1\AppData\Local\Temp\captureAgent34809jars\debugger-agent.jar -Dkotlinx.coroutines.debug.enable.creation.stack.trace=false -Ddebugger.agent.enable.coroutines=true -Dkotlinx.coroutines.debug.enable.flows.stack.trace=true -Dkotlinx.coroutines.debug.enable.mutable.state.flows.stack.trace=true -Dfile.encoding=UTF-8 -Dsun.stdout.encoding=UTF-8 -Dsun.stderr.encoding=UTF-8 com.intellij.rt.junit.JUnitStarter -ideVersion5 -junit5 com.relex.messenger.service.UserServiceTest

Host: Intel(R) Core(TM) i5-10300H CPU @ 2.50GHz, 8 cores, 15G,  Windows 10 , 64 bit Build 19041 (10.0.19041.5678)
Time: Tue Apr 22 23:01:46 2025 RTZ 2 (s 10 , 64 bit Build 19041 (10.0.19041.5678) elapsed time: 1.844220 seconds (0d 0h 0m 1s)

---------------  T H R E A D  ---------------

Current thread (0x0000012cb47896f0):  JavaThread "C2 CompilerThread0" daemon [_thread_in_native, id=13804, stack(0x0000000a61d00000,0x0000000a61e00000) (1024K)]


Current CompileTask:
C2:1844 1856       4       java.lang.invoke.MethodType::makeImpl (109 bytes)

Stack: [0x0000000a61d00000,0x0000000a61e00000]
Native frames: (J=compiled Java code, j=interpreted, Vv=VM code, C=native code)
V  [jvm.dll+0x6da5e9]
V  [jvm.dll+0x8b6b73]
V  [jvm.dll+0x8b8ece]
V  [jvm.dll+0x8b95b3]
V  [jvm.dll+0x286256]
V  [jvm.dll+0xc65ed]
V  [jvm.dll+0xc6b23]
V  [jvm.dll+0x3c59b8]
V  [jvm.dll+0x5e1da6]
V  [jvm.dll+0x38c296]
V  [jvm.dll+0x38b6da]
V  [jvm.dll+0x24e5e2]
V  [jvm.dll+0x24dbb1]
V  [jvm.dll+0x1cc3e4]
V  [jvm.dll+0x25d279]
V  [jvm.dll+0x25b82b]
V  [jvm.dll+0x3facb6]
V  [jvm.dll+0x85f868]
V  [jvm.dll+0x6d8ded]
C  [ucrtbase.dll+0x21bb2]
C  [KERNEL32.DLL+0x17374]
C  [ntdll.dll+0x4cc91]


---------------  P R O C E S S  ---------------

Threads class SMR info:
_java_thread_list=0x0000012cfab0ecb0, length=17, elements={
0x0000012c95426be0, 0x0000012cb47747d0, 0x0000012cb4778440, 0x0000012cb477a250,
0x0000012cb477ccb0, 0x0000012cb477dea0, 0x0000012cb47810a0, 0x0000012cb47896f0,
0x0000012cb47aa540, 0x0000012cb48a1ea0, 0x0000012cb4a037d0, 0x0000012cb49ae330,
0x0000012cb4b628f0, 0x0000012cfb4b3830, 0x0000012cfb4b4550, 0x0000012cfb4b1df0,
0x0000012cfafa8560
}

Java Threads: ( => current thread )
  0x0000012c95426be0 JavaThread "main"                              [_thread_in_vm, id=21096, stack(0x0000000a60f00000,0x0000000a61000000) (1024K)]
  0x0000012cb47747d0 JavaThread "Reference Handler"          daemon [_thread_blocked, id=21312, stack(0x0000000a61700000,0x0000000a61800000) (1024K)]
  0x0000012cb4778440 JavaThread "Finalizer"                  daemon [_thread_blocked, id=12364, stack(0x0000000a61800000,0x0000000a61900000) (1024K)]
  0x0000012cb477a250 JavaThread "Signal Dispatcher"          daemon [_thread_blocked, id=19040, stack(0x0000000a61900000,0x0000000a61a00000) (1024K)]
  0x0000012cb477ccb0 JavaThread "Attach Listener"            daemon [_thread_blocked, id=22176, stack(0x0000000a61a00000,0x0000000a61b00000) (1024K)]
  0x0000012cb477dea0 JavaThread "Service Thread"             daemon [_thread_blocked, id=20976, stack(0x0000000a61b00000,0x0000000a61c00000) (1024K)]
  0x0000012cb47810a0 JavaThread "Monitor Deflation Thread"   daemon [_thread_blocked, id=15268, stack(0x0000000a61c00000,0x0000000a61d00000) (1024K)]
=>0x0000012cb47896f0 JavaThread "C2 CompilerThread0"         daemon [_thread_in_native, id=13804, stack(0x0000000a61d00000,0x0000000a61e00000) (1024K)]
  0x0000012cb47aa540 JavaThread "C1 CompilerThread0"         daemon [_thread_in_native, id=21876, stack(0x0000000a61e00000,0x0000000a61f00000) (1024K)]
  0x0000012cb48a1ea0 JavaThread "Common-Cleaner"             daemon [_thread_blocked, id=13280, stack(0x0000000a61f00000,0x0000000a62000000) (1024K)]
  0x0000012cb4a037d0 JavaThread "C2 CompilerThread1"         daemon [_thread_in_vm, id=7248, stack(0x0000000a62000000,0x0000000a62100000) (1024K)]
  0x0000012cb49ae330 JavaThread "Monitor Ctrl-Break"         daemon [_thread_in_native, id=5864, stack(0x0000000a62100000,0x0000000a62200000) (1024K)]
  0x0000012cb4b628f0 JavaThread "Notification Thread"        daemon [_thread_blocked, id=19940, stack(0x0000000a62200000,0x0000000a62300000) (1024K)]
  0x0000012cfb4b3830 JavaThread "RMI TCP Accept-0"           daemon [_thread_in_native, id=2796, stack(0x0000000a62b00000,0x0000000a62c00000) (1024K)]
  0x0000012cfb4b4550 JavaThread "RMI TCP Connection(1)-192.168.1.194" daemon [_thread_in_native, id=21556, stack(0x0000000a62c00000,0x0000000a62d00000) (1024K)]
  0x0000012cfb4b1df0 JavaThread "RMI Scheduler(0)"           daemon [_thread_blocked, id=5544, stack(0x0000000a62d00000,0x0000000a62e00000) (1024K)]
  0x0000012cfafa8560 JavaThread "JMX server connection timeout 33" daemon [_thread_blocked, id=20196, stack(0x0000000a62e00000,0x0000000a62f00000) (1024K)]
Total: 17

Other Threads:
  0x0000012cb475a070 VMThread "VM Thread"                           [id=20748, stack(0x0000000a61600000,0x0000000a61700000) (1024K)]
  0x0000012cb4746820 WatcherThread "VM Periodic Task Thread"        [id=620, stack(0x0000000a61500000,0x0000000a61600000) (1024K)]
  0x0000012c9548b500 WorkerThread "GC Thread#0"                     [id=15952, stack(0x0000000a61000000,0x0000000a61100000) (1024K)]
  0x0000012cfa8ebaa0 WorkerThread "GC Thread#1"                     [id=19160, stack(0x0000000a62400000,0x0000000a62500000) (1024K)]
  0x0000012cfaa3df20 WorkerThread "GC Thread#2"                     [id=12608, stack(0x0000000a62500000,0x0000000a62600000) (1024K)]
  0x0000012cfab7c090 WorkerThread "GC Thread#3"                     [id=2380, stack(0x0000000a62600000,0x0000000a62700000) (1024K)]
  0x0000012cfa935a90 WorkerThread "GC Thread#4"                     [id=6244, stack(0x0000000a62700000,0x0000000a62800000) (1024K)]
  0x0000012cfaaaeb00 WorkerThread "GC Thread#5"                     [id=21728, stack(0x0000000a62800000,0x0000000a62900000) (1024K)]
  0x0000012cfaac8ce0 WorkerThread "GC Thread#6"                     [id=6548, stack(0x0000000a62900000,0x0000000a62a00000) (1024K)]
  0x0000012cfaa98d90 WorkerThread "GC Thread#7"                     [id=15824, stack(0x0000000a62a00000,0x0000000a62b00000) (1024K)]
  0x0000012c9549c0c0 ConcurrentGCThread "G1 Main Marker"            [id=21748, stack(0x0000000a61100000,0x0000000a61200000) (1024K)]
  0x0000012c9549d110 WorkerThread "G1 Conc#0"                       [id=14712, stack(0x0000000a61200000,0x0000000a61300000) (1024K)]
  0x0000012cb461d1e0 ConcurrentGCThread "G1 Refine#0"               [id=22508, stack(0x0000000a61300000,0x0000000a61400000) (1024K)]
  0x0000012cb461db00 ConcurrentGCThread "G1 Service"                [id=19020, stack(0x0000000a61400000,0x0000000a61500000) (1024K)]
Total: 14

Threads with active compile tasks:
C2 CompilerThread0  1880 1856       4       java.lang.invoke.MethodType::makeImpl (109 bytes)
C1 CompilerThread0  1880 2001       3       jdk.internal.org.objectweb.asm.Frame::execute (2305 bytes)
C2 CompilerThread1  1880 1997       4       java.util.HashMap::putVal (300 bytes)
Total: 3

VM state: not at safepoint (normal execution)

VM Mutex/Monitor currently owned by a thread: None

Heap address: 0x0000000703800000, size: 4040 MB, Compressed Oops mode: Zero based, Oop shift amount: 3

CDS archive(s) mapped at: [0x0000012cb5000000-0x0000012cb5c80000-0x0000012cb5c80000), size 13107200, SharedBaseAddress: 0x0000012cb5000000, ArchiveRelocationMode: 1.
Compressed class space mapped at: 0x0000012cb6000000-0x0000012cf6000000, reserved size: 1073741824
Narrow klass base: 0x0000012cb5000000, Narrow klass shift: 0, Narrow klass range: 0x100000000

GC Precious Log:
 CardTable entry size: 512
 Card Set container configuration: InlinePtr #cards 4 size 8 Array Of Cards #cards 16 size 48 Howl #buckets 8 coarsen threshold 3686 Howl Bitmap #cards 512 size 80 coarsen threshold 460 Card regions per heap region 1 cards per card region 4096
 CPUs: 8 total, 8 available
 Memory: 16154M
 Large Page Support: Disabled
 NUMA Support: Disabled
 Compressed Oops: Enabled (Zero based)
 Heap Region Size: 2M
 Heap Min Capacity: 8M
 Heap Initial Capacity: 254M
 Heap Max Capacity: 4040M
 Pre-touch: Disabled
 Parallel Workers: 8
 Concurrent Workers: 2
 Concurrent Refinement Workers: 8
 Periodic GC: Disabled

Heap:
 garbage-first heap   total 260096K, used 12749K [0x0000000703800000, 0x0000000800000000)
  region size 2048K, 3 young (6144K), 1 survivors (2048K)
 Metaspace       used 13997K, committed 14400K, reserved 1114112K
  class space    used 1590K, committed 1792K, reserved 1048576K

Heap Regions: E=young(eden), S=young(survivor), O=old, HS=humongous(starts), HC=humongous(continues), CS=collection set, F=free, TAMS=top-at-mark-start, PB=parsable bottom
|   0|0x0000000703800000, 0x0000000703a00000, 0x0000000703a00000|100%| O|  |TAMS 0x0000000703800000| PB 0x0000000703800000| Untracked 
|   1|0x0000000703a00000, 0x0000000703c00000, 0x0000000703c00000|100%| O|  |TAMS 0x0000000703a00000| PB 0x0000000703a00000| Untracked 
|   2|0x0000000703c00000, 0x0000000703e00000, 0x0000000703e00000|100%| O|  |TAMS 0x0000000703c00000| PB 0x0000000703c00000| Untracked 
|   3|0x0000000703e00000, 0x0000000704000000, 0x0000000704000000|100%| O|  |TAMS 0x0000000703e00000| PB 0x0000000703e00000| Untracked 
|   4|0x0000000704000000, 0x00000007040d03a8, 0x0000000704200000| 40%| O|  |TAMS 0x0000000704000000| PB 0x0000000704000000| Untracked 
|   5|0x0000000704200000, 0x0000000704200000, 0x0000000704400000|  0%| F|  |TAMS 0x0000000704200000| PB 0x0000000704200000| Untracked 
|   6|0x0000000704400000, 0x0000000704400000, 0x0000000704600000|  0%| F|  |TAMS 0x0000000704400000| PB 0x0000000704400000| Untracked 
|   7|0x0000000704600000, 0x0000000704600000, 0x0000000704800000|  0%| F|  |TAMS 0x0000000704600000| PB 0x0000000704600000| Untracked 
|   8|0x0000000704800000, 0x0000000704800000, 0x0000000704a00000|  0%| F|  |TAMS 0x0000000704800000| PB 0x0000000704800000| Untracked 
|   9|0x0000000704a00000, 0x0000000704a00000, 0x0000000704c00000|  0%| F|  |TAMS 0x0000000704a00000| PB 0x0000000704a00000| Untracked 
|  10|0x0000000704c00000, 0x0000000704c00000, 0x0000000704e00000|  0%| F|  |TAMS 0x0000000704c00000| PB 0x0000000704c00000| Untracked 
|  11|0x0000000704e00000, 0x0000000704e00000, 0x0000000705000000|  0%| F|  |TAMS 0x0000000704e00000| PB 0x0000000704e00000| Untracked 
|  12|0x0000000705000000, 0x0000000705000000, 0x0000000705200000|  0%| F|  |TAMS 0x0000000705000000| PB 0x0000000705000000| Untracked 
|  13|0x0000000705200000, 0x0000000705200000, 0x0000000705400000|  0%| F|  |TAMS 0x0000000705200000| PB 0x0000000705200000| Untracked 
|  14|0x0000000705400000, 0x0000000705400000, 0x0000000705600000|  0%| F|  |TAMS 0x0000000705400000| PB 0x0000000705400000| Untracked 
|  15|0x0000000705600000, 0x0000000705600000, 0x0000000705800000|  0%| F|  |TAMS 0x0000000705600000| PB 0x0000000705600000| Untracked 
|  16|0x0000000705800000, 0x0000000705800000, 0x0000000705a00000|  0%| F|  |TAMS 0x0000000705800000| PB 0x0000000705800000| Untracked 
|  17|0x0000000705a00000, 0x0000000705a00000, 0x0000000705c00000|  0%| F|  |TAMS 0x0000000705a00000| PB 0x0000000705a00000| Untracked 
|  18|0x0000000705c00000, 0x0000000705c00000, 0x0000000705e00000|  0%| F|  |TAMS 0x0000000705c00000| PB 0x0000000705c00000| Untracked 
|  19|0x0000000705e00000, 0x0000000705e00000, 0x0000000706000000|  0%| F|  |TAMS 0x0000000705e00000| PB 0x0000000705e00000| Untracked 
|  20|0x0000000706000000, 0x0000000706000000, 0x0000000706200000|  0%| F|  |TAMS 0x0000000706000000| PB 0x0000000706000000| Untracked 
|  21|0x0000000706200000, 0x0000000706200000, 0x0000000706400000|  0%| F|  |TAMS 0x0000000706200000| PB 0x0000000706200000| Untracked 
|  22|0x0000000706400000, 0x0000000706400000, 0x0000000706600000|  0%| F|  |TAMS 0x0000000706400000| PB 0x0000000706400000| Untracked 
|  23|0x0000000706600000, 0x0000000706600000, 0x0000000706800000|  0%| F|  |TAMS 0x0000000706600000| PB 0x0000000706600000| Untracked 
|  24|0x0000000706800000, 0x0000000706800000, 0x0000000706a00000|  0%| F|  |TAMS 0x0000000706800000| PB 0x0000000706800000| Untracked 
|  25|0x0000000706a00000, 0x0000000706a00000, 0x0000000706c00000|  0%| F|  |TAMS 0x0000000706a00000| PB 0x0000000706a00000| Untracked 
|  26|0x0000000706c00000, 0x0000000706c00000, 0x0000000706e00000|  0%| F|  |TAMS 0x0000000706c00000| PB 0x0000000706c00000| Untracked 
|  27|0x0000000706e00000, 0x0000000706e00000, 0x0000000707000000|  0%| F|  |TAMS 0x0000000706e00000| PB 0x0000000706e00000| Untracked 
|  28|0x0000000707000000, 0x0000000707000000, 0x0000000707200000|  0%| F|  |TAMS 0x0000000707000000| PB 0x0000000707000000| Untracked 
|  29|0x0000000707200000, 0x0000000707200000, 0x0000000707400000|  0%| F|  |TAMS 0x0000000707200000| PB 0x0000000707200000| Untracked 
|  30|0x0000000707400000, 0x0000000707400000, 0x0000000707600000|  0%| F|  |TAMS 0x0000000707400000| PB 0x0000000707400000| Untracked 
|  31|0x0000000707600000, 0x0000000707600000, 0x0000000707800000|  0%| F|  |TAMS 0x0000000707600000| PB 0x0000000707600000| Untracked 
|  32|0x0000000707800000, 0x0000000707800000, 0x0000000707a00000|  0%| F|  |TAMS 0x0000000707800000| PB 0x0000000707800000| Untracked 
|  33|0x0000000707a00000, 0x0000000707a00000, 0x0000000707c00000|  0%| F|  |TAMS 0x0000000707a00000| PB 0x0000000707a00000| Untracked 
|  34|0x0000000707c00000, 0x0000000707c00000, 0x0000000707e00000|  0%| F|  |TAMS 0x0000000707c00000| PB 0x0000000707c00000| Untracked 
|  35|0x0000000707e00000, 0x0000000707e00000, 0x0000000708000000|  0%| F|  |TAMS 0x0000000707e00000| PB 0x0000000707e00000| Untracked 
|  36|0x0000000708000000, 0x0000000708000000, 0x0000000708200000|  0%| F|  |TAMS 0x0000000708000000| PB 0x0000000708000000| Untracked 
|  37|0x0000000708200000, 0x0000000708200000, 0x0000000708400000|  0%| F|  |TAMS 0x0000000708200000| PB 0x0000000708200000| Untracked 
|  38|0x0000000708400000, 0x0000000708400000, 0x0000000708600000|  0%| F|  |TAMS 0x0000000708400000| PB 0x0000000708400000| Untracked 
|  39|0x0000000708600000, 0x0000000708600000, 0x0000000708800000|  0%| F|  |TAMS 0x0000000708600000| PB 0x0000000708600000| Untracked 
|  40|0x0000000708800000, 0x0000000708800000, 0x0000000708a00000|  0%| F|  |TAMS 0x0000000708800000| PB 0x0000000708800000| Untracked 
|  41|0x0000000708a00000, 0x0000000708a00000, 0x0000000708c00000|  0%| F|  |TAMS 0x0000000708a00000| PB 0x0000000708a00000| Untracked 
|  42|0x0000000708c00000, 0x0000000708c00000, 0x0000000708e00000|  0%| F|  |TAMS 0x0000000708c00000| PB 0x0000000708c00000| Untracked 
|  43|0x0000000708e00000, 0x0000000708e00000, 0x0000000709000000|  0%| F|  |TAMS 0x0000000708e00000| PB 0x0000000708e00000| Untracked 
|  44|0x0000000709000000, 0x0000000709000000, 0x0000000709200000|  0%| F|  |TAMS 0x0000000709000000| PB 0x0000000709000000| Untracked 
|  45|0x0000000709200000, 0x0000000709200000, 0x0000000709400000|  0%| F|  |TAMS 0x0000000709200000| PB 0x0000000709200000| Untracked 
|  46|0x0000000709400000, 0x0000000709400000, 0x0000000709600000|  0%| F|  |TAMS 0x0000000709400000| PB 0x0000000709400000| Untracked 
|  47|0x0000000709600000, 0x0000000709600000, 0x0000000709800000|  0%| F|  |TAMS 0x0000000709600000| PB 0x0000000709600000| Untracked 
|  48|0x0000000709800000, 0x0000000709800000, 0x0000000709a00000|  0%| F|  |TAMS 0x0000000709800000| PB 0x0000000709800000| Untracked 
|  49|0x0000000709a00000, 0x0000000709a00000, 0x0000000709c00000|  0%| F|  |TAMS 0x0000000709a00000| PB 0x0000000709a00000| Untracked 
|  50|0x0000000709c00000, 0x0000000709c00000, 0x0000000709e00000|  0%| F|  |TAMS 0x0000000709c00000| PB 0x0000000709c00000| Untracked 
|  51|0x0000000709e00000, 0x0000000709e00000, 0x000000070a000000|  0%| F|  |TAMS 0x0000000709e00000| PB 0x0000000709e00000| Untracked 
|  52|0x000000070a000000, 0x000000070a000000, 0x000000070a200000|  0%| F|  |TAMS 0x000000070a000000| PB 0x000000070a000000| Untracked 
|  53|0x000000070a200000, 0x000000070a200000, 0x000000070a400000|  0%| F|  |TAMS 0x000000070a200000| PB 0x000000070a200000| Untracked 
|  54|0x000000070a400000, 0x000000070a400000, 0x000000070a600000|  0%| F|  |TAMS 0x000000070a400000| PB 0x000000070a400000| Untracked 
|  55|0x000000070a600000, 0x000000070a600000, 0x000000070a800000|  0%| F|  |TAMS 0x000000070a600000| PB 0x000000070a600000| Untracked 
|  56|0x000000070a800000, 0x000000070a800000, 0x000000070aa00000|  0%| F|  |TAMS 0x000000070a800000| PB 0x000000070a800000| Untracked 
|  57|0x000000070aa00000, 0x000000070aa00000, 0x000000070ac00000|  0%| F|  |TAMS 0x000000070aa00000| PB 0x000000070aa00000| Untracked 
|  58|0x000000070ac00000, 0x000000070ac00000, 0x000000070ae00000|  0%| F|  |TAMS 0x000000070ac00000| PB 0x000000070ac00000| Untracked 
|  59|0x000000070ae00000, 0x000000070ae00000, 0x000000070b000000|  0%| F|  |TAMS 0x000000070ae00000| PB 0x000000070ae00000| Untracked 
|  60|0x000000070b000000, 0x000000070b000000, 0x000000070b200000|  0%| F|  |TAMS 0x000000070b000000| PB 0x000000070b000000| Untracked 
|  61|0x000000070b200000, 0x000000070b200000, 0x000000070b400000|  0%| F|  |TAMS 0x000000070b200000| PB 0x000000070b200000| Untracked 
|  62|0x000000070b400000, 0x000000070b400000, 0x000000070b600000|  0%| F|  |TAMS 0x000000070b400000| PB 0x000000070b400000| Untracked 
|  63|0x000000070b600000, 0x000000070b600000, 0x000000070b800000|  0%| F|  |TAMS 0x000000070b600000| PB 0x000000070b600000| Untracked 
|  64|0x000000070b800000, 0x000000070b800000, 0x000000070ba00000|  0%| F|  |TAMS 0x000000070b800000| PB 0x000000070b800000| Untracked 
|  65|0x000000070ba00000, 0x000000070ba00000, 0x000000070bc00000|  0%| F|  |TAMS 0x000000070ba00000| PB 0x000000070ba00000| Untracked 
|  66|0x000000070bc00000, 0x000000070bc00000, 0x000000070be00000|  0%| F|  |TAMS 0x000000070bc00000| PB 0x000000070bc00000| Untracked 
|  67|0x000000070be00000, 0x000000070be00000, 0x000000070c000000|  0%| F|  |TAMS 0x000000070be00000| PB 0x000000070be00000| Untracked 
|  68|0x000000070c000000, 0x000000070c000000, 0x000000070c200000|  0%| F|  |TAMS 0x000000070c000000| PB 0x000000070c000000| Untracked 
|  69|0x000000070c200000, 0x000000070c200000, 0x000000070c400000|  0%| F|  |TAMS 0x000000070c200000| PB 0x000000070c200000| Untracked 
|  70|0x000000070c400000, 0x000000070c400000, 0x000000070c600000|  0%| F|  |TAMS 0x000000070c400000| PB 0x000000070c400000| Untracked 
|  71|0x000000070c600000, 0x000000070c600000, 0x000000070c800000|  0%| F|  |TAMS 0x000000070c600000| PB 0x000000070c600000| Untracked 
|  72|0x000000070c800000, 0x000000070c800000, 0x000000070ca00000|  0%| F|  |TAMS 0x000000070c800000| PB 0x000000070c800000| Untracked 
|  73|0x000000070ca00000, 0x000000070ca00000, 0x000000070cc00000|  0%| F|  |TAMS 0x000000070ca00000| PB 0x000000070ca00000| Untracked 
|  74|0x000000070cc00000, 0x000000070cc00000, 0x000000070ce00000|  0%| F|  |TAMS 0x000000070cc00000| PB 0x000000070cc00000| Untracked 
|  75|0x000000070ce00000, 0x000000070ce00000, 0x000000070d000000|  0%| F|  |TAMS 0x000000070ce00000| PB 0x000000070ce00000| Untracked 
|  76|0x000000070d000000, 0x000000070d000000, 0x000000070d200000|  0%| F|  |TAMS 0x000000070d000000| PB 0x000000070d000000| Untracked 
|  77|0x000000070d200000, 0x000000070d200000, 0x000000070d400000|  0%| F|  |TAMS 0x000000070d200000| PB 0x000000070d200000| Untracked 
|  78|0x000000070d400000, 0x000000070d400000, 0x000000070d600000|  0%| F|  |TAMS 0x000000070d400000| PB 0x000000070d400000| Untracked 
|  79|0x000000070d600000, 0x000000070d600000, 0x000000070d800000|  0%| F|  |TAMS 0x000000070d600000| PB 0x000000070d600000| Untracked 
|  80|0x000000070d800000, 0x000000070d800000, 0x000000070da00000|  0%| F|  |TAMS 0x000000070d800000| PB 0x000000070d800000| Untracked 
|  81|0x000000070da00000, 0x000000070da00000, 0x000000070dc00000|  0%| F|  |TAMS 0x000000070da00000| PB 0x000000070da00000| Untracked 
|  82|0x000000070dc00000, 0x000000070dc00000, 0x000000070de00000|  0%| F|  |TAMS 0x000000070dc00000| PB 0x000000070dc00000| Untracked 
|  83|0x000000070de00000, 0x000000070de00000, 0x000000070e000000|  0%| F|  |TAMS 0x000000070de00000| PB 0x000000070de00000| Untracked 
|  84|0x000000070e000000, 0x000000070e000000, 0x000000070e200000|  0%| F|  |TAMS 0x000000070e000000| PB 0x000000070e000000| Untracked 
|  85|0x000000070e200000, 0x000000070e200000, 0x000000070e400000|  0%| F|  |TAMS 0x000000070e200000| PB 0x000000070e200000| Untracked 
|  86|0x000000070e400000, 0x000000070e400000, 0x000000070e600000|  0%| F|  |TAMS 0x000000070e400000| PB 0x000000070e400000| Untracked 
|  87|0x000000070e600000, 0x000000070e600000, 0x000000070e800000|  0%| F|  |TAMS 0x000000070e600000| PB 0x000000070e600000| Untracked 
|  88|0x000000070e800000, 0x000000070e800000, 0x000000070ea00000|  0%| F|  |TAMS 0x000000070e800000| PB 0x000000070e800000| Untracked 
|  89|0x000000070ea00000, 0x000000070ea00000, 0x000000070ec00000|  0%| F|  |TAMS 0x000000070ea00000| PB 0x000000070ea00000| Untracked 
|  90|0x000000070ec00000, 0x000000070ec00000, 0x000000070ee00000|  0%| F|  |TAMS 0x000000070ec00000| PB 0x000000070ec00000| Untracked 
|  91|0x000000070ee00000, 0x000000070ee00000, 0x000000070f000000|  0%| F|  |TAMS 0x000000070ee00000| PB 0x000000070ee00000| Untracked 
|  92|0x000000070f000000, 0x000000070f000000, 0x000000070f200000|  0%| F|  |TAMS 0x000000070f000000| PB 0x000000070f000000| Untracked 
|  93|0x000000070f200000, 0x000000070f200000, 0x000000070f400000|  0%| F|  |TAMS 0x000000070f200000| PB 0x000000070f200000| Untracked 
|  94|0x000000070f400000, 0x000000070f400000, 0x000000070f600000|  0%| F|  |TAMS 0x000000070f400000| PB 0x000000070f400000| Untracked 
|  95|0x000000070f600000, 0x000000070f600000, 0x000000070f800000|  0%| F|  |TAMS 0x000000070f600000| PB 0x000000070f600000| Untracked 
|  96|0x000000070f800000, 0x000000070f800000, 0x000000070fa00000|  0%| F|  |TAMS 0x000000070f800000| PB 0x000000070f800000| Untracked 
|  97|0x000000070fa00000, 0x000000070fa00000, 0x000000070fc00000|  0%| F|  |TAMS 0x000000070fa00000| PB 0x000000070fa00000| Untracked 
|  98|0x000000070fc00000, 0x000000070fc00000, 0x000000070fe00000|  0%| F|  |TAMS 0x000000070fc00000| PB 0x000000070fc00000| Untracked 
|  99|0x000000070fe00000, 0x000000070fe00000, 0x0000000710000000|  0%| F|  |TAMS 0x000000070fe00000| PB 0x000000070fe00000| Untracked 
| 100|0x0000000710000000, 0x0000000710000000, 0x0000000710200000|  0%| F|  |TAMS 0x0000000710000000| PB 0x0000000710000000| Untracked 
| 101|0x0000000710200000, 0x0000000710200000, 0x0000000710400000|  0%| F|  |TAMS 0x0000000710200000| PB 0x0000000710200000| Untracked 
| 102|0x0000000710400000, 0x0000000710400000, 0x0000000710600000|  0%| F|  |TAMS 0x0000000710400000| PB 0x0000000710400000| Untracked 
| 103|0x0000000710600000, 0x0000000710600000, 0x0000000710800000|  0%| F|  |TAMS 0x0000000710600000| PB 0x0000000710600000| Untracked 
| 104|0x0000000710800000, 0x0000000710800000, 0x0000000710a00000|  0%| F|  |TAMS 0x0000000710800000| PB 0x0000000710800000| Untracked 
| 105|0x0000000710a00000, 0x0000000710a00000, 0x0000000710c00000|  0%| F|  |TAMS 0x0000000710a00000| PB 0x0000000710a00000| Untracked 
| 106|0x0000000710c00000, 0x0000000710c00000, 0x0000000710e00000|  0%| F|  |TAMS 0x0000000710c00000| PB 0x0000000710c00000| Untracked 
| 107|0x0000000710e00000, 0x0000000710e00000, 0x0000000711000000|  0%| F|  |TAMS 0x0000000710e00000| PB 0x0000000710e00000| Untracked 
| 108|0x0000000711000000, 0x0000000711000000, 0x0000000711200000|  0%| F|  |TAMS 0x0000000711000000| PB 0x0000000711000000| Untracked 
| 109|0x0000000711200000, 0x0000000711200000, 0x0000000711400000|  0%| F|  |TAMS 0x0000000711200000| PB 0x0000000711200000| Untracked 
| 110|0x0000000711400000, 0x0000000711400000, 0x0000000711600000|  0%| F|  |TAMS 0x0000000711400000| PB 0x0000000711400000| Untracked 
| 111|0x0000000711600000, 0x0000000711600000, 0x0000000711800000|  0%| F|  |TAMS 0x0000000711600000| PB 0x0000000711600000| Untracked 
| 112|0x0000000711800000, 0x0000000711800000, 0x0000000711a00000|  0%| F|  |TAMS 0x0000000711800000| PB 0x0000000711800000| Untracked 
| 113|0x0000000711a00000, 0x0000000711ba3418, 0x0000000711c00000| 81%| S|CS|TAMS 0x0000000711a00000| PB 0x0000000711a00000| Complete 
| 114|0x0000000711c00000, 0x0000000711c00000, 0x0000000711e00000|  0%| F|  |TAMS 0x0000000711c00000| PB 0x0000000711c00000| Untracked 
| 115|0x0000000711e00000, 0x0000000711e00000, 0x0000000712000000|  0%| F|  |TAMS 0x0000000711e00000| PB 0x0000000711e00000| Untracked 
| 116|0x0000000712000000, 0x0000000712000000, 0x0000000712200000|  0%| F|  |TAMS 0x0000000712000000| PB 0x0000000712000000| Untracked 
| 117|0x0000000712200000, 0x0000000712200000, 0x0000000712400000|  0%| F|  |TAMS 0x0000000712200000| PB 0x0000000712200000| Untracked 
| 118|0x0000000712400000, 0x0000000712400000, 0x0000000712600000|  0%| F|  |TAMS 0x0000000712400000| PB 0x0000000712400000| Untracked 
| 119|0x0000000712600000, 0x0000000712600000, 0x0000000712800000|  0%| F|  |TAMS 0x0000000712600000| PB 0x0000000712600000| Untracked 
| 120|0x0000000712800000, 0x0000000712800000, 0x0000000712a00000|  0%| F|  |TAMS 0x0000000712800000| PB 0x0000000712800000| Untracked 
| 121|0x0000000712a00000, 0x0000000712a00000, 0x0000000712c00000|  0%| F|  |TAMS 0x0000000712a00000| PB 0x0000000712a00000| Untracked 
| 122|0x0000000712c00000, 0x0000000712c00000, 0x0000000712e00000|  0%| F|  |TAMS 0x0000000712c00000| PB 0x0000000712c00000| Untracked 
| 123|0x0000000712e00000, 0x0000000712e00000, 0x0000000713000000|  0%| F|  |TAMS 0x0000000712e00000| PB 0x0000000712e00000| Untracked 
| 124|0x0000000713000000, 0x0000000713000000, 0x0000000713200000|  0%| F|  |TAMS 0x0000000713000000| PB 0x0000000713000000| Untracked 
| 125|0x0000000713200000, 0x0000000713375958, 0x0000000713400000| 72%| E|  |TAMS 0x0000000713200000| PB 0x0000000713200000| Complete 
| 126|0x0000000713400000, 0x0000000713600000, 0x0000000713600000|100%| E|CS|TAMS 0x0000000713400000| PB 0x0000000713400000| Complete 

Card table byte_map: [0x0000012cad630000,0x0000012cade20000] _byte_map_base: 0x0000012ca9e14000

Marking Bits: (CMBitMap*) 0x0000012c9548b9b0
 Bits: [0x0000012cade20000, 0x0000012cb1d40000)

Polling page: 0x0000012c93100000

Metaspace:

Usage:
  Non-class:     12.15 MB used.
      Class:      1.56 MB used.
       Both:     13.71 MB used.

Virtual space:
  Non-class space:       64.00 MB reserved,      12.31 MB ( 19%) committed,  1 nodes.
      Class space:        1.00 GB reserved,       1.75 MB ( <1%) committed,  1 nodes.
             Both:        1.06 GB reserved,      14.06 MB (  1%) committed. 

Chunk freelists:
   Non-Class:  3.69 MB
       Class:  14.29 MB
        Both:  17.98 MB

MaxMetaspaceSize: unlimited
CompressedClassSpaceSize: 1.00 GB
Initial GC threshold: 21.00 MB
Current GC threshold: 21.00 MB
CDS: on
 - commit_granule_bytes: 65536.
 - commit_granule_words: 8192.
 - virtual_space_node_default_size: 8388608.
 - enlarge_chunks_in_place: 1.
 - use_allocation_guard: 0.


Internal statistics:

num_allocs_failed_limit: 0.
num_arena_births: 382.
num_arena_deaths: 0.
num_vsnodes_births: 2.
num_vsnodes_deaths: 0.
num_space_committed: 225.
num_space_uncommitted: 0.
num_chunks_returned_to_freelist: 0.
num_chunks_taken_from_freelist: 665.
num_chunk_merges: 0.
num_chunk_splits: 374.
num_chunks_enlarged: 191.
num_inconsistent_stats: 0.

CodeHeap 'non-profiled nmethods': size=120000Kb used=792Kb max_used=792Kb free=119208Kb
 bounds [0x0000012ca55d0000, 0x0000012ca5840000, 0x0000012cacb00000]
CodeHeap 'profiled nmethods': size=120000Kb used=3606Kb max_used=3606Kb free=116393Kb
 bounds [0x0000012c9db00000, 0x0000012c9de90000, 0x0000012ca5030000]
CodeHeap 'non-nmethods': size=5760Kb used=1416Kb max_used=1441Kb free=4343Kb
 bounds [0x0000012ca5030000, 0x0000012ca52a0000, 0x0000012ca55d0000]
 total_blobs=2508 nmethods=1999 adapters=413
 compilation: enabled
              stopped_count=0, restarted_count=0
 full_count=0

Compilation events (20 events):
Event: 1.662 Thread 0x0000012cb47aa540 1971       3       java.util.Arrays::fill (28 bytes)
Event: 1.662 Thread 0x0000012cb47aa540 nmethod 1971 0x0000012c9de5e610 code [0x0000012c9de5e7e0, 0x0000012c9de5eb78]
Event: 1.662 Thread 0x0000012cb47aa540 1967       3       jdk.internal.org.objectweb.asm.MethodWriter::visitAnnotation (40 bytes)
Event: 1.663 Thread 0x0000012cb47aa540 nmethod 1967 0x0000012c9de5ed10 code [0x0000012c9de5eee0, 0x0000012c9de5f1a8]
Event: 1.663 Thread 0x0000012cb47aa540 1968       3       jdk.internal.org.objectweb.asm.AnnotationVisitor::<init> (7 bytes)
Event: 1.663 Thread 0x0000012cb47aa540 nmethod 1968 0x0000012c9de5f290 code [0x0000012c9de5f440, 0x0000012c9de5f588]
Event: 1.663 Thread 0x0000012cb47aa540 1969       3       jdk.internal.org.objectweb.asm.AnnotationVisitor::<init> (78 bytes)
Event: 1.663 Thread 0x0000012cb47aa540 nmethod 1969 0x0000012c9de5f610 code [0x0000012c9de5f840, 0x0000012c9de5ffe0]
Event: 1.663 Thread 0x0000012cb47aa540 1972       3       java.lang.invoke.MethodType::methodType (44 bytes)
Event: 1.664 Thread 0x0000012cb47aa540 nmethod 1972 0x0000012c9de60290 code [0x0000012c9de60480, 0x0000012c9de60930]
Event: 1.674 Thread 0x0000012cb47aa540 1973       3       java.net.URI::match (56 bytes)
Event: 1.675 Thread 0x0000012cb47aa540 nmethod 1973 0x0000012c9de60a90 code [0x0000012c9de60c40, 0x0000012c9de60f10]
Event: 1.679 Thread 0x0000012cb47aa540 1975       3       java.lang.StringUTF16::newString (58 bytes)
Event: 1.681 Thread 0x0000012cb47aa540 nmethod 1975 0x0000012c9de60f90 code [0x0000012c9de61280, 0x0000012c9de622a8]
Event: 1.681 Thread 0x0000012cb47aa540 1976       3       java.lang.Character::toUpperCase (9 bytes)
Event: 1.681 Thread 0x0000012cb47aa540 nmethod 1976 0x0000012c9de62890 code [0x0000012c9de62a40, 0x0000012c9de62c38]
Event: 1.681 Thread 0x0000012cb47aa540 1977       3       java.lang.Character::toUpperCase (6 bytes)
Event: 1.681 Thread 0x0000012cb47aa540 nmethod 1977 0x0000012c9de62d10 code [0x0000012c9de62ee0, 0x0000012c9de63138]
Event: 1.681 Thread 0x0000012cb47aa540 1978       3       java.lang.AbstractStringBuilder::inflate (42 bytes)
Event: 1.682 Thread 0x0000012cb47aa540 nmethod 1978 0x0000012c9de63210 code [0x0000012c9de633e0, 0x0000012c9de63710]

GC Heap History (4 events):
Event: 0.900 GC heap before
{Heap before GC invocations=0 (full 0):
 garbage-first heap   total 260096K, used 20480K [0x0000000703800000, 0x0000000800000000)
  region size 2048K, 11 young (22528K), 0 survivors (0K)
 Metaspace       used 7679K, committed 7936K, reserved 1114112K
  class space    used 736K, committed 896K, reserved 1048576K
}
Event: 0.907 GC heap after
{Heap after GC invocations=1 (full 0):
 garbage-first heap   total 260096K, used 8807K [0x0000000703800000, 0x0000000800000000)
  region size 2048K, 2 young (4096K), 2 survivors (4096K)
 Metaspace       used 7679K, committed 7936K, reserved 1114112K
  class space    used 736K, committed 896K, reserved 1048576K
}
Event: 1.561 GC heap before
{Heap before GC invocations=1 (full 0):
 garbage-first heap   total 260096K, used 31335K [0x0000000703800000, 0x0000000800000000)
  region size 2048K, 13 young (26624K), 2 survivors (4096K)
 Metaspace       used 13119K, committed 13376K, reserved 1114112K
  class space    used 1485K, committed 1600K, reserved 1048576K
}
Event: 1.567 GC heap after
{Heap after GC invocations=2 (full 0):
 garbage-first heap   total 260096K, used 10701K [0x0000000703800000, 0x0000000800000000)
  region size 2048K, 1 young (2048K), 1 survivors (2048K)
 Metaspace       used 13119K, committed 13376K, reserved 1114112K
  class space    used 1485K, committed 1600K, reserved 1048576K
}

Dll operation events (11 events):
Event: 0.022 Loaded shared library C:\Users\Пажылой вертолет\.jdks\corretto-21.0.6\bin\java.dll
Event: 0.026 Loaded shared library C:\Users\Пажылой вертолет\.jdks\corretto-21.0.6\bin\zip.dll
Event: 0.102 Loaded shared library C:\Users\Пажылой вертолет\.jdks\corretto-21.0.6\bin\jsvml.dll
Event: 0.359 Loaded shared library C:\Users\Пажылой вертолет\.jdks\corretto-21.0.6\bin\instrument.dll
Event: 0.378 Loaded shared library C:\Users\Пажылой вертолет\.jdks\corretto-21.0.6\bin\net.dll
Event: 0.385 Loaded shared library C:\Users\Пажылой вертолет\.jdks\corretto-21.0.6\bin\nio.dll
Event: 0.394 Loaded shared library C:\Users\Пажылой вертолет\.jdks\corretto-21.0.6\bin\zip.dll
Event: 0.426 Loaded shared library C:\Users\Пажылой вертолет\.jdks\corretto-21.0.6\bin\extnet.dll
Event: 0.544 Loaded shared library C:\Users\Пажылой вертолет\.jdks\corretto-21.0.6\bin\jimage.dll
Event: 0.737 Loaded shared library C:\Users\Пажылой вертолет\.jdks\corretto-21.0.6\bin\management.dll
Event: 0.762 Loaded shared library C:\Users\Пажылой вертолет\.jdks\corretto-21.0.6\bin\management_ext.dll

Deoptimization events (20 events):
Event: 1.639 Thread 0x0000012c95426be0 Uncommon trap: trap_request=0xffffff45 fr.pc=0x0000012ca566f018 relative=0x00000000000002d8
Event: 1.639 Thread 0x0000012c95426be0 Uncommon trap: reason=unstable_if action=reinterpret pc=0x0000012ca566f018 method=java.util.concurrent.ConcurrentHashMap.get(Ljava/lang/Object;)Ljava/lang/Object; @ 76 c2
Event: 1.639 Thread 0x0000012c95426be0 DEOPT PACKING pc=0x0000012ca566f018 sp=0x0000000a60ff86a0
Event: 1.639 Thread 0x0000012c95426be0 DEOPT UNPACKING pc=0x0000012ca50846a2 sp=0x0000000a60ff8618 mode 2
Event: 1.679 Thread 0x0000012c95426be0 Uncommon trap: trap_request=0xffffffc6 fr.pc=0x0000012ca568f728 relative=0x0000000000001388
Event: 1.679 Thread 0x0000012c95426be0 Uncommon trap: reason=bimorphic_or_optimized_type_check action=maybe_recompile pc=0x0000012ca568f728 method=java.util.HashMap.putVal(ILjava/lang/Object;Ljava/lang/Object;ZZ)Ljava/lang/Object; @ 56 c2
Event: 1.679 Thread 0x0000012c95426be0 DEOPT PACKING pc=0x0000012ca568f728 sp=0x0000000a60ff9000
Event: 1.679 Thread 0x0000012c95426be0 DEOPT UNPACKING pc=0x0000012ca50846a2 sp=0x0000000a60ff8f98 mode 2
Event: 1.679 Thread 0x0000012c95426be0 Uncommon trap: trap_request=0xffffffc6 fr.pc=0x0000012ca568f728 relative=0x0000000000001388
Event: 1.679 Thread 0x0000012c95426be0 Uncommon trap: reason=bimorphic_or_optimized_type_check action=maybe_recompile pc=0x0000012ca568f728 method=java.util.HashMap.putVal(ILjava/lang/Object;Ljava/lang/Object;ZZ)Ljava/lang/Object; @ 56 c2
Event: 1.679 Thread 0x0000012c95426be0 DEOPT PACKING pc=0x0000012ca568f728 sp=0x0000000a60ff9000
Event: 1.679 Thread 0x0000012c95426be0 DEOPT UNPACKING pc=0x0000012ca50846a2 sp=0x0000000a60ff8f98 mode 2
Event: 1.679 Thread 0x0000012c95426be0 Uncommon trap: trap_request=0xffffffc6 fr.pc=0x0000012ca568f728 relative=0x0000000000001388
Event: 1.679 Thread 0x0000012c95426be0 Uncommon trap: reason=bimorphic_or_optimized_type_check action=maybe_recompile pc=0x0000012ca568f728 method=java.util.HashMap.putVal(ILjava/lang/Object;Ljava/lang/Object;ZZ)Ljava/lang/Object; @ 56 c2
Event: 1.679 Thread 0x0000012c95426be0 DEOPT PACKING pc=0x0000012ca568f728 sp=0x0000000a60ff9000
Event: 1.679 Thread 0x0000012c95426be0 DEOPT UNPACKING pc=0x0000012ca50846a2 sp=0x0000000a60ff8f98 mode 2
Event: 1.679 Thread 0x0000012c95426be0 Uncommon trap: trap_request=0xffffffc6 fr.pc=0x0000012ca568f728 relative=0x0000000000001388
Event: 1.679 Thread 0x0000012c95426be0 Uncommon trap: reason=bimorphic_or_optimized_type_check action=maybe_recompile pc=0x0000012ca568f728 method=java.util.HashMap.putVal(ILjava/lang/Object;Ljava/lang/Object;ZZ)Ljava/lang/Object; @ 56 c2
Event: 1.679 Thread 0x0000012c95426be0 DEOPT PACKING pc=0x0000012ca568f728 sp=0x0000000a60ff9000
Event: 1.679 Thread 0x0000012c95426be0 DEOPT UNPACKING pc=0x0000012ca50846a2 sp=0x0000000a60ff8f98 mode 2

Classes loaded (20 events):
Event: 1.676 Loading class java/lang/ProcessImpl
Event: 1.677 Loading class java/lang/ProcessImpl done
Event: 1.677 Loading class java/lang/ProcessEnvironment
Event: 1.677 Loading class java/lang/ProcessEnvironment done
Event: 1.678 Loading class java/lang/ProcessEnvironment$NameComparator
Event: 1.678 Loading class java/lang/ProcessEnvironment$NameComparator done
Event: 1.678 Loading class java/lang/ProcessEnvironment$EntryComparator
Event: 1.678 Loading class java/lang/ProcessEnvironment$EntryComparator done
Event: 1.679 Loading class java/lang/ProcessEnvironment$CheckedEntrySet
Event: 1.679 Loading class java/lang/ProcessEnvironment$CheckedEntrySet done
Event: 1.679 Loading class java/lang/ProcessEnvironment$CheckedEntrySet$1
Event: 1.679 Loading class java/lang/ProcessEnvironment$CheckedEntrySet$1 done
Event: 1.679 Loading class java/lang/ProcessEnvironment$CheckedEntry
Event: 1.680 Loading class java/lang/ProcessEnvironment$CheckedEntry done
Event: 1.694 Loading class java/lang/ProcessImpl$2
Event: 1.694 Loading class java/lang/ProcessImpl$2 done
Event: 1.694 Loading class java/lang/Process$PipeInputStream
Event: 1.694 Loading class java/lang/Process$PipeInputStream done
Event: 1.695 Loading class jdk/internal/event/ProcessStartEvent
Event: 1.695 Loading class jdk/internal/event/ProcessStartEvent done

Classes unloaded (0 events):
No events

Classes redefined (1 events):
Event: 0.448 Thread 0x0000012cb475a070 redefined class name=java.lang.Throwable, count=1

Internal exceptions (20 events):
Event: 1.377 Thread 0x0000012cfb4b4550 Exception <a 'java/lang/NoSuchMethodError'{0x0000000712503360}: 'java.lang.Object java.lang.invoke.DirectMethodHandle$Holder.invokeInterface(java.lang.Object, java.lang.Object, java.lang.Object)'> (0x0000000712503360) 
thrown [s\src\hotspot\share\interpreter\linkResolver.cpp, line 773]
Event: 1.391 Thread 0x0000012cfb4b4550 Exception <a 'java/lang/ClassNotFoundException'{0x0000000712204a90}: javax/management/remote/rmi/RMIConnectionImpl_Skel> (0x0000000712204a90) 
thrown [s\src\hotspot\share\classfile\systemDictionary.cpp, line 312]
Event: 1.393 Thread 0x0000012cfafa8560 Exception <a 'java/lang/NoSuchMethodError'{0x000000071222d178}: 'java.lang.Object java.lang.invoke.Invokers$Holder.linkToTargetMethod(java.lang.Object, long, java.lang.Object)'> (0x000000071222d178) 
thrown [s\src\hotspot\share\interpreter\linkResolver.cpp, line 773]
Event: 1.410 Thread 0x0000012cfb4b4550 Exception <a 'java/lang/NoSuchMethodError'{0x00000007122b1d08}: 'int java.lang.invoke.DirectMethodHandle$Holder.invokeInterface(java.lang.Object, java.lang.Object, java.lang.Object, java.lang.Object, java.lang.Object)'> (0x00000007122b1d08) 
thrown [s\src\hotspot\share\interpreter\linkResolver.cpp, line 773]
Event: 1.411 Thread 0x0000012cfb4b4550 Exception <a 'java/lang/NoSuchMethodError'{0x00000007122b94b8}: 'int java.lang.invoke.DelegatingMethodHandle$Holder.reinvoke_L(java.lang.Object, java.lang.Object, java.lang.Object, java.lang.Object, java.lang.Object)'> (0x00000007122b94b8) 
thrown [s\src\hotspot\share\interpreter\linkResolver.cpp, line 773]
Event: 1.418 Thread 0x0000012cfb4b4550 Exception <a 'java/lang/NoSuchMethodError'{0x0000000712321660}: 'java.lang.Object java.lang.invoke.DirectMethodHandle$Holder.invokeInterface(java.lang.Object, java.lang.Object, java.lang.Object, java.lang.Object, java.lang.Object)'> (0x0000000712321660) 
thrown [s\src\hotspot\share\interpreter\linkResolver.cpp, line 773]
Event: 1.421 Thread 0x0000012c95426be0 Exception <a 'java/lang/NoSuchMethodError'{0x00000007123086a8}: 'void java.lang.invoke.DirectMethodHandle$Holder.invokeStaticInit(java.lang.Object, java.lang.Object, java.lang.Object, java.lang.Object)'> (0x00000007123086a8) 
thrown [s\src\hotspot\share\interpreter\linkResolver.cpp, line 773]
Event: 1.425 Thread 0x0000012cfb4b4550 Exception <a 'java/lang/NoSuchMethodError'{0x0000000712391d68}: 'double java.lang.invoke.DirectMethodHandle$Holder.invokeInterface(java.lang.Object, java.lang.Object)'> (0x0000000712391d68) 
thrown [s\src\hotspot\share\interpreter\linkResolver.cpp, line 773]
Event: 1.426 Thread 0x0000012cfb4b4550 Exception <a 'java/lang/NoSuchMethodError'{0x0000000712399748}: 'double java.lang.invoke.DelegatingMethodHandle$Holder.reinvoke_L(java.lang.Object, java.lang.Object)'> (0x0000000712399748) 
thrown [s\src\hotspot\share\interpreter\linkResolver.cpp, line 773]
Event: 1.446 Thread 0x0000012c95426be0 Exception <a 'java/lang/NoSuchMethodError'{0x00000007123dd630}: 'int java.lang.invoke.DirectMethodHandle$Holder.invokeStaticInit(java.lang.Object, java.lang.Object)'> (0x00000007123dd630) 
thrown [s\src\hotspot\share\interpreter\linkResolver.cpp, line 773]
Event: 1.514 Thread 0x0000012c95426be0 Exception <a 'java/lang/IncompatibleClassChangeError'{0x00000007120facd0}: Found class java.lang.Object, but interface was expected> (0x00000007120facd0) 
thrown [s\src\hotspot\share\interpreter\linkResolver.cpp, line 840]
Event: 1.548 Thread 0x0000012c95426be0 Exception <a 'java/lang/IncompatibleClassChangeError'{0x00000007121aa528}: Found class java.lang.Object, but interface was expected> (0x00000007121aa528) 
thrown [s\src\hotspot\share\interpreter\linkResolver.cpp, line 840]
Event: 1.641 Thread 0x0000012c95426be0 Exception <a 'java/lang/NoSuchMethodError'{0x00000007135dd3b8}: method resolution failed> (0x00000007135dd3b8) 
thrown [s\src\hotspot\share\prims\methodHandles.cpp, line 1144]
Event: 1.656 Thread 0x0000012c95426be0 Exception <a 'java/lang/NoSuchMethodError'{0x0000000713235d18}: 'int java.lang.invoke.DirectMethodHandle$Holder.invokeSpecial(java.lang.Object, java.lang.Object, java.lang.Object, java.lang.Object)'> (0x0000000713235d18) 
thrown [s\src\hotspot\share\interpreter\linkResolver.cpp, line 773]
Event: 1.659 Thread 0x0000012c95426be0 Exception <a 'java/lang/NoSuchMethodError'{0x0000000713247948}: 'java.lang.Object java.lang.invoke.DirectMethodHandle$Holder.invokeStatic(java.lang.Object, long, java.lang.Object)'> (0x0000000713247948) 
thrown [s\src\hotspot\share\interpreter\linkResolver.cpp, line 773]
Event: 1.659 Thread 0x0000012c95426be0 Exception <a 'java/lang/NoSuchMethodError'{0x000000071324b560}: 'java.lang.Object java.lang.invoke.DirectMethodHandle$Holder.invokeStaticInit(java.lang.Object, long, java.lang.Object)'> (0x000000071324b560) 
thrown [s\src\hotspot\share\interpreter\linkResolver.cpp, line 773]
Event: 1.660 Thread 0x0000012c95426be0 Exception <a 'java/lang/NoSuchMethodError'{0x0000000713251338}: 'java.lang.Object java.lang.invoke.DirectMethodHandle$Holder.newInvokeSpecial(java.lang.Object, long)'> (0x0000000713251338) 
thrown [s\src\hotspot\share\interpreter\linkResolver.cpp, line 773]
Event: 1.661 Thread 0x0000012c95426be0 Exception <a 'java/lang/NoSuchMethodError'{0x00000007132555e8}: 'long java.lang.invoke.DirectMethodHandle$Holder.invokeInterface(java.lang.Object, java.lang.Object)'> (0x00000007132555e8) 
thrown [s\src\hotspot\share\interpreter\linkResolver.cpp, line 773]
Event: 1.661 Thread 0x0000012c95426be0 Exception <a 'java/lang/NoSuchMethodError'{0x0000000713259300}: 'long java.lang.invoke.DelegatingMethodHandle$Holder.reinvoke_L(java.lang.Object, java.lang.Object)'> (0x0000000713259300) 
thrown [s\src\hotspot\share\interpreter\linkResolver.cpp, line 773]
Event: 1.693 Thread 0x0000012c95426be0 Exception <a 'java/lang/NoSuchMethodError'{0x00000007132a1878}: 'void java.lang.invoke.DirectMethodHandle$Holder.invokeStatic(java.lang.Object, long)'> (0x00000007132a1878) 
thrown [s\src\hotspot\share\interpreter\linkResolver.cpp, line 773]

ZGC Phase Switch (0 events):
No events

VM Operations (20 events):
Event: 1.056 Executing VM operation: HandshakeAllThreads (Deoptimize)
Event: 1.056 Executing VM operation: HandshakeAllThreads (Deoptimize) done
Event: 1.064 Executing VM operation: HandshakeAllThreads (Deoptimize)
Event: 1.064 Executing VM operation: HandshakeAllThreads (Deoptimize) done
Event: 1.065 Executing VM operation: HandshakeAllThreads (Deoptimize)
Event: 1.065 Executing VM operation: HandshakeAllThreads (Deoptimize) done
Event: 1.096 Executing VM operation: HandshakeAllThreads (Deoptimize)
Event: 1.096 Executing VM operation: HandshakeAllThreads (Deoptimize) done
Event: 1.111 Executing VM operation: HandshakeAllThreads (Deoptimize)
Event: 1.111 Executing VM operation: HandshakeAllThreads (Deoptimize) done
Event: 1.390 Executing VM operation: HandshakeAllThreads (Deoptimize)
Event: 1.390 Executing VM operation: HandshakeAllThreads (Deoptimize) done
Event: 1.436 Executing VM operation: ICBufferFull
Event: 1.436 Executing VM operation: ICBufferFull done
Event: 1.522 Executing VM operation: HandshakeAllThreads (Deoptimize)
Event: 1.522 Executing VM operation: HandshakeAllThreads (Deoptimize) done
Event: 1.561 Executing VM operation: G1CollectForAllocation (G1 Evacuation Pause)
Event: 1.567 Executing VM operation: G1CollectForAllocation (G1 Evacuation Pause) done
Event: 1.678 Executing VM operation: HandshakeAllThreads (Deoptimize)
Event: 1.678 Executing VM operation: HandshakeAllThreads (Deoptimize) done

Memory protections (0 events):
No events

Nmethod flushes (0 events):
No events

Events (18 events):
Event: 0.058 Thread 0x0000012c95426be0 Thread added: 0x0000012c95426be0
Event: 0.098 Thread 0x0000012c95426be0 Thread added: 0x0000012cb47747d0
Event: 0.098 Thread 0x0000012c95426be0 Thread added: 0x0000012cb4778440
Event: 0.098 Thread 0x0000012c95426be0 Thread added: 0x0000012cb477a250
Event: 0.098 Thread 0x0000012c95426be0 Thread added: 0x0000012cb477ccb0
Event: 0.099 Thread 0x0000012c95426be0 Thread added: 0x0000012cb477dea0
Event: 0.099 Thread 0x0000012c95426be0 Thread added: 0x0000012cb47810a0
Event: 0.099 Thread 0x0000012c95426be0 Thread added: 0x0000012cb47896f0
Event: 0.099 Thread 0x0000012c95426be0 Thread added: 0x0000012cb47aa540
Event: 0.309 Thread 0x0000012c95426be0 Thread added: 0x0000012cb48a1ea0
Event: 0.355 Thread 0x0000012cb47aa540 Thread added: 0x0000012cb4a037d0
Event: 0.407 Thread 0x0000012c95426be0 Thread added: 0x0000012cb49ae330
Event: 0.453 Thread 0x0000012c95426be0 Thread added: 0x0000012cb4b628f0
Event: 0.644 Thread 0x0000012cb47aa540 Thread added: 0x0000012cfa42d210
Event: 1.291 Thread 0x0000012cb477ccb0 Thread added: 0x0000012cfb4b3830
Event: 1.325 Thread 0x0000012cfb4b3830 Thread added: 0x0000012cfb4b4550
Event: 1.373 Thread 0x0000012cfb4b4550 Thread added: 0x0000012cfb4b1df0
Event: 1.386 Thread 0x0000012cfb4b4550 Thread added: 0x0000012cfafa8560


Dynamic libraries:
0x00007ff7a6b40000 - 0x00007ff7a6b4e000 	C:\Users\Пажылой вертолет\.jdks\corretto-21.0.6\bin\java.exe
0x00007ffa6da30000 - 0x00007ffa6dc28000 	C:\WINDOWS\SYSTEM32\ntdll.dll
0x00007ffa6c320000 - 0x00007ffa6c3e2000 	C:\WINDOWS\System32\KERNEL32.DLL
0x00007ffa6b1e0000 - 0x00007ffa6b4d6000 	C:\WINDOWS\System32\KERNELBASE.dll
0x00007ffa6b690000 - 0x00007ffa6b790000 	C:\WINDOWS\System32\ucrtbase.dll
0x00007ffa583a0000 - 0x00007ffa583b8000 	C:\Users\Пажылой вертолет\.jdks\corretto-21.0.6\bin\jli.dll
0x00007ffa6cfb0000 - 0x00007ffa6d14d000 	C:\WINDOWS\System32\USER32.dll
0x00007ffa6b900000 - 0x00007ffa6b922000 	C:\WINDOWS\System32\win32u.dll
0x00007ffa6cf50000 - 0x00007ffa6cf7b000 	C:\WINDOWS\System32\GDI32.dll
0x00007ffa6b0c0000 - 0x00007ffa6b1da000 	C:\WINDOWS\System32\gdi32full.dll
0x00007ffa6b9b0000 - 0x00007ffa6ba4d000 	C:\WINDOWS\System32\msvcp_win.dll
0x00007ffa510b0000 - 0x00007ffa510cb000 	C:\Users\Пажылой вертолет\.jdks\corretto-21.0.6\bin\VCRUNTIME140.dll
0x00007ffa6a480000 - 0x00007ffa6a71a000 	C:\WINDOWS\WinSxS\amd64_microsoft.windows.common-controls_6595b64144ccf1df_6.0.19041.4355_none_60b8b9eb71f62e16\COMCTL32.dll
0x00007ffa6ce20000 - 0x00007ffa6cebe000 	C:\WINDOWS\System32\msvcrt.dll
0x00007ffa6cf80000 - 0x00007ffa6cfaf000 	C:\WINDOWS\System32\IMM32.DLL
0x00007ffa66b60000 - 0x00007ffa66b6c000 	C:\Users\Пажылой вертолет\.jdks\corretto-21.0.6\bin\vcruntime140_1.dll
0x00007ffa337a0000 - 0x00007ffa3382d000 	C:\Users\Пажылой вертолет\.jdks\corretto-21.0.6\bin\msvcp140.dll
0x00007ff9cf070000 - 0x00007ff9cfe0f000 	C:\Users\Пажылой вертолет\.jdks\corretto-21.0.6\bin\server\jvm.dll
0x00007ffa6c270000 - 0x00007ffa6c31f000 	C:\WINDOWS\System32\ADVAPI32.dll
0x00007ffa6c8f0000 - 0x00007ffa6c98f000 	C:\WINDOWS\System32\sechost.dll
0x00007ffa6d8c0000 - 0x00007ffa6d9e3000 	C:\WINDOWS\System32\RPCRT4.dll
0x00007ffa6b8d0000 - 0x00007ffa6b8f7000 	C:\WINDOWS\System32\bcrypt.dll
0x00007ffa6c9f0000 - 0x00007ffa6ca5b000 	C:\WINDOWS\System32\WS2_32.dll
0x00007ffa6a910000 - 0x00007ffa6a95b000 	C:\WINDOWS\SYSTEM32\POWRPROF.dll
0x00007ffa5c120000 - 0x00007ffa5c147000 	C:\WINDOWS\SYSTEM32\WINMM.dll
0x00007ffa64080000 - 0x00007ffa6408a000 	C:\WINDOWS\SYSTEM32\VERSION.dll
0x00007ffa6a720000 - 0x00007ffa6a732000 	C:\WINDOWS\SYSTEM32\UMPDC.dll
0x00007ffa69220000 - 0x00007ffa69232000 	C:\WINDOWS\SYSTEM32\kernel.appcore.dll
0x00007ffa62820000 - 0x00007ffa6282a000 	C:\Users\Пажылой вертолет\.jdks\corretto-21.0.6\bin\jimage.dll
0x00007ffa6ab10000 - 0x00007ffa6acf4000 	C:\WINDOWS\SYSTEM32\DBGHELP.DLL
0x00007ffa6a830000 - 0x00007ffa6a864000 	C:\WINDOWS\SYSTEM32\dbgcore.DLL
0x00007ffa6b790000 - 0x00007ffa6b812000 	C:\WINDOWS\System32\bcryptPrimitives.dll
0x00007ffa583c0000 - 0x00007ffa583ce000 	C:\Users\Пажылой вертолет\.jdks\corretto-21.0.6\bin\instrument.dll
0x00007ffa4ef70000 - 0x00007ffa4ef8f000 	C:\Users\Пажылой вертолет\.jdks\corretto-21.0.6\bin\java.dll
0x00007ffa3e3d0000 - 0x00007ffa3e3e8000 	C:\Users\Пажылой вертолет\.jdks\corretto-21.0.6\bin\zip.dll
0x00007ffa6d150000 - 0x00007ffa6d8bf000 	C:\WINDOWS\System32\SHELL32.dll
0x00007ffa68a60000 - 0x00007ffa69203000 	C:\WINDOWS\SYSTEM32\windows.storage.dll
0x00007ffa6ca60000 - 0x00007ffa6cdb5000 	C:\WINDOWS\System32\combase.dll
0x00007ffa6a300000 - 0x00007ffa6a32b000 	C:\WINDOWS\SYSTEM32\Wldp.dll
0x00007ffa6ba50000 - 0x00007ffa6bb1d000 	C:\WINDOWS\System32\OLEAUT32.dll
0x00007ffa6c7b0000 - 0x00007ffa6c85d000 	C:\WINDOWS\System32\SHCORE.dll
0x00007ffa6cdc0000 - 0x00007ffa6ce15000 	C:\WINDOWS\System32\shlwapi.dll
0x00007ffa6aff0000 - 0x00007ffa6b015000 	C:\WINDOWS\SYSTEM32\profapi.dll
0x00007ffa2f580000 - 0x00007ffa2f657000 	C:\Users\Пажылой вертолет\.jdks\corretto-21.0.6\bin\jsvml.dll
0x00007ffa568f0000 - 0x00007ffa56900000 	C:\Users\Пажылой вертолет\.jdks\corretto-21.0.6\bin\net.dll
0x00007ffa63300000 - 0x00007ffa6340a000 	C:\WINDOWS\SYSTEM32\WINHTTP.dll
0x00007ffa6a0e0000 - 0x00007ffa6a14c000 	C:\WINDOWS\system32\mswsock.dll
0x00007ffa40c60000 - 0x00007ffa40c76000 	C:\Users\Пажылой вертолет\.jdks\corretto-21.0.6\bin\nio.dll
0x00007ffa4e6c0000 - 0x00007ffa4e6c9000 	C:\Users\Пажылой вертолет\.jdks\corretto-21.0.6\bin\extnet.dll
0x00007ffa69e30000 - 0x00007ffa69efa000 	C:\WINDOWS\SYSTEM32\DNSAPI.dll
0x00007ffa69de0000 - 0x00007ffa69e1b000 	C:\WINDOWS\SYSTEM32\IPHLPAPI.DLL
0x00007ffa6cec0000 - 0x00007ffa6cec8000 	C:\WINDOWS\System32\NSI.dll
0x00007ffa638b0000 - 0x00007ffa638ba000 	C:\Windows\System32\rasadhlp.dll
0x00007ffa582b0000 - 0x00007ffa58330000 	C:\WINDOWS\System32\fwpuclnt.dll
0x00007ffa4f030000 - 0x00007ffa4f039000 	C:\Users\Пажылой вертолет\.jdks\corretto-21.0.6\bin\management.dll
0x00007ffa48b80000 - 0x00007ffa48b8b000 	C:\Users\Пажылой вертолет\.jdks\corretto-21.0.6\bin\management_ext.dll
0x00007ffa6bc50000 - 0x00007ffa6bc58000 	C:\WINDOWS\System32\PSAPI.DLL
0x00007ffa6ae30000 - 0x00007ffa6ae48000 	C:\WINDOWS\SYSTEM32\CRYPTSP.dll
0x00007ffa69a80000 - 0x00007ffa69ab8000 	C:\WINDOWS\system32\rsaenh.dll
0x00007ffa6af70000 - 0x00007ffa6af9e000 	C:\WINDOWS\SYSTEM32\USERENV.dll
0x00007ffa6a270000 - 0x00007ffa6a27c000 	C:\WINDOWS\SYSTEM32\CRYPTBASE.dll
0x00007ffa15b50000 - 0x00007ffa15b67000 	C:\WINDOWS\system32\napinsp.dll
0x00007ffa15b30000 - 0x00007ffa15b4b000 	C:\WINDOWS\system32\pnrpnsp.dll
0x00007ffa67120000 - 0x00007ffa67135000 	C:\WINDOWS\system32\wshbth.dll
0x00007ffa665a0000 - 0x00007ffa665bd000 	C:\WINDOWS\system32\NLAapi.dll
0x00007ffa15b10000 - 0x00007ffa15b22000 	C:\WINDOWS\System32\winrnr.dll
0x00007ffa42f30000 - 0x00007ffa42f81000 	C:\WINDOWS\SYSTEM32\pdh.dll

dbghelp: loaded successfully - version: 4.0.5 - missing functions: none
symbol engine: initialized successfully - sym options: 0x614 - pdb path: .;C:\Users\Пажылой вертолет\.jdks\corretto-21.0.6\bin;C:\WINDOWS\SYSTEM32;C:\WINDOWS\WinSxS\amd64_microsoft.windows.common-controls_6595b64144ccf1df_6.0.19041.4355_none_60b8b9eb71f62e16;C:\Users\Пажылой вертолет\.jdks\corretto-21.0.6\bin\server

VM Arguments:
jvm_args: -ea -Didea.test.cyclic.buffer.size=1048576 -javaagent:C:\Users\Пажылой вертолет\AppData\Local\JetBrains\IntelliJ IDEA 2024.3.5\lib\idea_rt.jar=53299 -javaagent:C:\Users\8CAF~1\AppData\Local\Temp\captureAgent34809jars\debugger-agent.jar -Dkotlinx.coroutines.debug.enable.creation.stack.trace=false -Ddebugger.agent.enable.coroutines=true -Dkotlinx.coroutines.debug.enable.flows.stack.trace=true -Dkotlinx.coroutines.debug.enable.mutable.state.flows.stack.trace=true -Dfile.encoding=UTF-8 -Dsun.stdout.encoding=UTF-8 -Dsun.stderr.encoding=UTF-8 
java_command: com.intellij.rt.junit.JUnitStarter -ideVersion5 -junit5 com.relex.messenger.service.UserServiceTest
java_class_path (initial): C:\Users\Пажылой вертолет\AppData\Local\JetBrains\IntelliJ IDEA 2024.3.5\lib\idea_rt.jar;C:\Users\Пажылой вертолет\AppData\Local\JetBrains\IntelliJ IDEA 2024.3.5\plugins\junit\lib\junit5-rt.jar;C:\Users\Пажылой вертолет\AppData\Local\JetBrains\IntelliJ IDEA 2024.3.5\plugins\junit\lib\junit-rt.jar;C:\Users\Пажылой вертолет\Downloads\messenger\messenger\target\test-classes;C:\Users\Пажылой вертолет\Downloads\messenger\messenger\target\classes;C:\Users\Пажылой вертолет\.m2\repository\org\springframework\boot\spring-boot-starter-data-jpa\3.4.4\spring-boot-starter-data-jpa-3.4.4.jar;C:\Users\Пажылой вертолет\.m2\repository\org\springframework\boot\spring-boot-starter\3.4.4\spring-boot-starter-3.4.4.jar;C:\Users\Пажылой вертолет\.m2\repository\org\springframework\boot\spring-boot-starter-logging\3.4.4\spring-boot-starter-logging-3.4.4.jar;C:\Users\Пажылой вертолет\.m2\repository\ch\qos\logback\logback-classic\1.5.18\logback-classic-1.5.18.jar;C:\Users\Пажылой вертолет\.m2\repository\ch\qos\logback\logback-core\1.5.18\logback-core-1.5.18.jar;C:\Users\Пажылой вертолет\.m2\repository\org\apache\logging\log4j\log4j-to-slf4j\2.24.3\log4j-to-slf4j-2.24.3.jar;C:\Users\Пажылой вертолет\.m2\repository\org\apache\logging\log4j\log4j-api\2.24.3\log4j-api-2.24.3.jar;C:\Users\Пажылой вертолет\.m2\repository\org\slf4j\jul-to-slf4j\2.0.17\jul-to-slf4j-2.0.17.jar;C:\Users\Пажылой вертолет\.m2\repository\jakarta\annotation\jakarta.annotation-api\2.1.1\jakarta.annotation-api-2.1.1.jar;C:\Users\Пажылой вертолет\.m2\repository\org\yaml\snakeyaml\2.3\snakeyaml-2.3.jar;C:\Users\Пажылой вертолет\.m2\repository\org\springframework\boot\spring-boot-starter-jdbc\3.4.4\spring-boot-starter-jdbc-3.4.4.jar;C:\Users\Пажылой вертолет\.m2\repository\com\zaxxer\HikariCP\5.1.0\HikariCP-5.1.0.jar;C:\Users\Пажылой вертолет\.m2\repository\org\springframework\spring-jdbc\6.2.5\spring-jdbc-6.2.5.jar;C:\Users\Пажылой вертолет\.m2\repository\org\hibernate\orm\hibernate-core\6.6.11.Final\hibernate-core-6.6.11.Final.jar;C:\Users\Пажылой вертолет\.m2\repository\jakarta\persistence\jakarta.persistence-api\3.1.0\jakarta.persistence-api-3.1.0.jar;C:\Users\Пажылой вертолет\.m2\repository\jakarta\transaction\jakarta.transaction-api\2.0.1\jakarta.transaction-api-2.0.1.jar;C:\Users\Пажылой вертолет\.m2\repository\org\jboss\logging\jboss-logging\3.6.1.Final\jboss-logging-3.6.1.Final.jar;C:\Users\Пажылой вертолет\.m2\repository\org\hibernate\common\hibernate-commons-annotations\7.0.3.Final\hibernate-commons-annotations-7.0.3.Final.jar;C:\Users\Пажылой вертолет\.m2\repository\io\smallrye\jandex\3.2.0\jandex-3.2.0.jar;C:\Users\Пажылой вертолет\.m2\repository\com\fasterxml\classmate\1.7.0\classmate-1.7.0.jar;C:\Users\Пажылой вертолет\.m2\repository\net\bytebuddy\byte-buddy\1.15.11\byte-buddy-1.15.11.jar;C:\Users\Пажылой вертолет\.m2\repository\org\glassfish\jaxb\jaxb-runtime\4.0.5\jaxb-runtime-4.0.5.jar;C:\Users\Пажылой вертолет\.m2\repository\org\glassfish\jaxb\jaxb-core\4.0.5\jaxb-core-4.0.5.jar;C:\Users\Пажылой вертолет\.m2\repository\org\eclipse\angus\angus-activation\2.0.2\angus-activation-2.0.2.jar;C:\Users\Пажылой вертолет\.m2\repository\org\glassfish\jaxb\txw2\4.0.5\txw2-4.0.5.jar;C:\Users\Пажылой вертолет\.m2\repository\com\sun\istack\istack-commons-runtime\4.1.2\istack-commons-runtime-4.1.2.jar;C:\Users\Пажылой вертолет\.m2\repository\jakarta\inject\jakarta.inject-api\2.0.1\jakarta.inject-api-2.0.1.jar;C:\Users\Пажылой вертолет\.m2\repository\org\antlr\antlr4-runtime\4.13.0\antlr4-runtime-4.13.0.jar;C:\Users\Пажылой вертолет\.m2\repository\org\springframework\data\spring-data-jpa\3.4.4\spring-data-jpa-3.4.4.jar;C:\Users\Пажылой вертолет\.m2\repository\org\springframework\data\spring-data-commons\3.4.4\spring-data-commons-3.4.4.jar;C:\Users\Пажылой вертолет\.m2\repository\org\springframework\spring-orm\6.2.5\spring-orm-6.2.5.jar;C:\Users\Пажылой вертолет\.m2\repository\org\springframework\spring-context\6.2.5\spring-context-6.2.5.jar;C:\Users\Пажылой вертолет\.m2\repository\org\springframework\spring-tx\6.2.5\spring-tx-6.2.5.jar;C:\Users\Пажылой вертолет\.m2\repository\org\springframework\spring-beans\6.2.5\spring-beans-6.2.5.jar;C:\Users\Пажылой вертолет\.m2\repository\org\slf4j\slf4j-api\2.0.17\slf4j-api-2.0.17.jar;C:\Users\Пажылой вертолет\.m2\repository\org\springframework\spring-aspects\6.2.5\spring-aspects-6.2.5.jar;C:\Users\Пажылой вертолет\.m2\repository\org\aspectj\aspectjweaver\1.9.23\aspectjweaver-1.9.23.jar;C:\Users\Пажылой вертолет\.m2\repository\org\springframework\boot\spring-boot-starter-security\3.4.4\spring-boot-starter-security-3.4.4.jar;C:\Users\Пажылой вертолет\.m2\repository\org\springframework\spring-aop\6.2.5\spring-aop-6.2.5.jar;C:\Users\Пажылой вертолет\.m2\repository\org\springframework\security\spring-security-config\6.4.4\spring-security-config-6.4.4.jar;C:\Users\Пажылой вертолет\.m2\repository\org\springframework\security\spring-security-web\6.4.4\spring-security-web-6.4.4.jar;C:\Users\Пажылой вертолет\.m2\repository\org\springframework\spring-expression\6.2.5\spring-expression-6.2.5.jar;C:\Users\Пажылой вертолет\.m2\repository\org\springframework\boot\spring-boot-starter-validation\3.4.4\spring-boot-starter-validation-3.4.4.jar;C:\Users\Пажылой вертолет\.m2\repository\org\apache\tomcat\embed\tomcat-embed-el\10.1.39\tomcat-embed-el-10.1.39.jar;C:\Users\Пажылой вертолет\.m2\repository\org\hibernate\validator\hibernate-validator\8.0.2.Final\hibernate-validator-8.0.2.Final.jar;C:\Users\Пажылой вертолет\.m2\repository\jakarta\validation\jakarta.validation-api\3.0.2\jakarta.validation-api-3.0.2.jar;C:\Users\Пажылой вертолет\.m2\repository\org\springframework\boot\spring-boot-starter-web\3.4.4\spring-boot-starter-web-3.4.4.jar;C:\Users\Пажылой вертолет\.m2\repository\org\springframework\boot\spring-boot-starter-json\3.4.4\spring-boot-starter-json-3.4.4.jar;C:\Users\Пажылой вертолет\.m2\repository\com\fasterxml\jackson\core\jackson-databind\2.18.3\jackson-databind-2.18.3.jar;C:\Users\Пажылой вертолет\.m2\repository\com\fasterxml\jackson\core\jackson-annotations\2.18.3\jackson-annotations-2.18.3.jar;C:\Users\Пажылой вертолет\.m2\repository\com\fasterxml\jackson\core\jackson-core\2.18.3\jackson-core-2.18.3.jar;C:\Users\Пажылой вертолет\.m2\repository\com\fasterxml\jackson\datatype\jackson-datatype-jdk8\2.18.3\jackson-datatype-jdk8-2.18.3.jar;C:\Users\Пажылой вертолет\.m2\repository\com\fasterxml\jackson\datatype\jackson-datatype-jsr310\2.18.3\jackson-datatype-jsr310-2.18.3.jar;C:\Users\Пажылой вертолет\.m2\repository\com\fasterxml\jackson\module\jackson-module-parameter-names\2.18.3\jackson-module-parameter-names-2.18.3.jar;C:\Users\Пажылой вертолет\.m2\repository\org\springframework\boot\spring-boot-starter-tomcat\3.4.4\spring-boot-starter-tomcat-3.4.4.jar;C:\Users\Пажылой вертолет\.m2\repository\org\apache\tomcat\embed\tomcat-embed-core\10.1.39\tomcat-embed-core-10.1.39.jar;C:\Users\Пажылой вертолет\.m2\repository\org\apache\tomcat\embed\tomcat-embed-websocket\10.1.39\tomcat-embed-websocket-10.1.39.jar;C:\Users\Пажылой вертолет\.m2\repository\org\springframework\spring-web\6.2.5\spring-web-6.2.5.jar;C:\Users\Пажылой вертолет\.m2\repository\io\micrometer\micrometer-observation\1.14.5\micrometer-observation-1.14.5.jar;C:\Users\Пажылой вертолет\.m2\repository\io\micrometer\micrometer-commons\1.14.5\micrometer-commons-1.14.5.jar;C:\Users\Пажылой вертолет\.m2\repository\org\springframework\spring-webmvc\6.2.5\spring-webmvc-6.2.5.jar;C:\Users\Пажылой вертолет\.m2\repository\org\postgresql\postgresql\42.7.5\postgresql-42.7.5.jar;C:\Users\Пажылой вертолет\.m2\repository\org\checkerframework\checker-qual\3.48.3\checker-qual-3.48.3.jar;C:\Users\Пажылой вертолет\.m2\repository\org\projectlombok\lombok\1.18.32\lombok-1.18.32.jar;C:\Users\Пажылой вертолет\.m2\repository\org\springframework\boot\spring-boot-devtools\3.4.4\spring-boot-devtools-3.4.4.jar;C:\Users\Пажылой вертолет\.m2\repository\org\springframework\boot\spring-boot\3.4.4\spring-boot-3.4.4.jar;C:\Users\Пажылой вертолет\.m2\repository\org\springframework\boot\spring-boot-autoconfigure\3.4.4\spring-boot-autoconfigure-3.4.4.jar;C:\Users\Пажылой вертолет\.m2\repository\org\springframework\boot\spring-boot-starter-test\3.4.4\spring-boot-starter-test-3.4.4.jar;C:\Users\Пажылой вертолет\.m2\repository\org\springframework\boot\spring-boot-test\3.4.4\spring-boot-test-3.4.4.jar;C:\Users\Пажылой вертолет\.m2\repository\org\springframework\boot\spring-boot-test-autoconfigure\3.4.4\spring-boot-test-autoconfigure-3.4.4.jar;C:\Users\Пажылой вертолет\.m2\repository\com\jayway\jsonpath\json-path\2.9.0\json-path-2.9.0.jar;C:\Users\Пажылой вертолет\.m2\repository\jakarta\xml\bind\jakarta.xml.bind-api\4.0.2\jakarta.xml.bind-api-4.0.2.jar;C:\Users\Пажылой вертолет\.m2\repository\jakarta\activation\jakarta.activation-api\2.1.3\jakarta.activation-api-2.1.3.jar;C:\Users\Пажылой вертолет\.m2\repository\net\minidev\json-smart\2.5.2\json-smart-2.5.2.jar;C:\Users\Пажылой вертолет\.m2\repository\net\minidev\accessors-smart\2.5.2\accessors-smart-2.5.2.jar;C:\Users\Пажылой вертолет\.m2\repository\org\ow2\asm\asm\9.7.1\asm-9.7.1.jar;C:\Users\Пажылой вертолет\.m2\repository\org\assertj\assertj-core\3.26.3\assertj-core-3.26.3.jar;C:\Users\Пажылой вертолет\.m2\repository\org\awaitility\awaitility\4.2.2\awaitility-4.2.2.jar;C:\Users\Пажылой вертолет\.m2\repository\org\hamcrest\hamcrest\2.2\hamcrest-2.2.jar;C:\Users\Пажылой вертолет\.m2\repository\org\junit\jupiter\junit-jupiter\5.12.1\junit-jupiter-5.12.1.jar;C:\Users\Пажылой вертолет\.m2\repository\org\mockito\mockito-core\5.14.2\mockito-core-5.14.2.jar;C:\Users\Пажылой вертолет\.m2\repository\net\bytebuddy\byte-buddy-agent\1.15.11\byte-buddy-agent-1.15.11.jar;C:\Users\Пажылой вертолет\.m2\repository\org\objenesis\objenesis\3.3\objenesis-3.3.jar;C:\Users\Пажылой вертолет\.m2\repository\org\mockito\mockito-junit-jupiter\5.14.2\mockito-junit-jupiter-5.14.2.jar;C:\Users\Пажылой вертолет\.m2\repository\org\skyscreamer\jsonassert\1.5.3\jsonassert-1.5.3.jar;C:\Users\Пажылой вертолет\.m2\repository\com\vaadin\external\google\android-json\0.0.20131108.vaadin1\android-json-0.0.20131108.vaadin1.jar;C:\Users\Пажылой вертолет\.m2\repository\org\springframework\spring-core\6.2.5\spring-core-6.2.5.jar;C:\Users\Пажылой вертолет\.m2\repository\org\springframework\spring-jcl\6.2.5\spring-jcl-6.2.5.jar;C:\Users\Пажылой вертолет\.m2\repository\org\springframework\spring-test\6.2.5\spring-test-6.2.5.jar;C:\Users\Пажылой вертолет\.m2\repository\org\xmlunit\xmlunit-core\2.10.0\xmlunit-core-2.10.0.jar;C:\Users\Пажылой вертолет\.m2\repository\org\springframework\security\spring-security-test\6.4.4\spring-security-test-6.4.4.jar;C:\Users\Пажылой вертолет\.m2\repository\org\springframework\security\spring-security-core\6.4.4\spring-security-core-6.4.4.jar;C:\Users\Пажылой вертолет\.m2\repository\org\springframework\security\spring-security-crypto\6.4.4\spring-security-crypto-6.4.4.jar;C:\Users\Пажылой вертолет\.m2\repository\org\jetbrains\annotations\24.1.0\annotations-24.1.0.jar;C:\Users\Пажылой вертолет\.m2\repository\org\junit\jupiter\junit-jupiter-engine\5.12.1\junit-jupiter-engine-5.12.1.jar;C:\Users\Пажылой вертолет\.m2\repository\org\junit\platform\junit-platform-engine\1.12.1\junit-platform-engine-1.12.1.jar;C:\Users\Пажылой вертолет\.m2\repository\org\apiguardian\apiguardian-api\1.1.2\apiguardian-api-1.1.2.jar;C:\Users\Пажылой вертолет\.m2\repository\org\junit\jupiter\junit-jupiter-api\5.12.1\junit-jupiter-api-5.12.1.jar;C:\Users\Пажылой вертолет\.m2\repository\org\opentest4j\opentest4j\1.3.0\opentest4j-1.3.0.jar;C:\Users\Пажылой вертолет\.m2\repository\org\junit\platform\junit-platform-commons\1.12.1\junit-platform-commons-1.12.1.jar;C:\Users\Пажылой вертолет\.m2\repository\org\junit\jupiter\junit-jupiter-params\5.12.1\junit-jupiter-params-5.12.1.jar;C:\Users\Пажылой вертолет\.m2\repository\org\junit\platform\junit-platform-suite-api\1.12.1\junit-platform-suite-api-1.12.1.jar;C:\Users\Пажылой вертолет\.m2\repository\org\junit\platform\junit-platform-launcher\1.12.1\junit-platform-launcher-1.12.1.jar
Launcher Type: SUN_STANDARD

[Global flags]
     intx CICompilerCount                          = 4                                         {product} {ergonomic}
     uint ConcGCThreads                            = 2                                         {product} {ergonomic}
     uint G1ConcRefinementThreads                  = 8                                         {product} {ergonomic}
   size_t G1HeapRegionSize                         = 2097152                                   {product} {ergonomic}
    uintx GCDrainStackTargetSize                   = 64                                        {product} {ergonomic}
   size_t InitialHeapSize                          = 266338304                                 {product} {ergonomic}
   size_t MarkStackSize                            = 4194304                                   {product} {ergonomic}
   size_t MaxHeapSize                              = 4236247040                                {product} {ergonomic}
   size_t MaxNewSize                               = 2541748224                                {product} {ergonomic}
   size_t MinHeapDeltaBytes                        = 2097152                                   {product} {ergonomic}
   size_t MinHeapSize                              = 8388608                                   {product} {ergonomic}
    uintx NonNMethodCodeHeapSize                   = 5839372                                {pd product} {ergonomic}
    uintx NonProfiledCodeHeapSize                  = 122909434                              {pd product} {ergonomic}
    uintx ProfiledCodeHeapSize                     = 122909434                              {pd product} {ergonomic}
    uintx ReservedCodeCacheSize                    = 251658240                              {pd product} {ergonomic}
     bool SegmentedCodeCache                       = true                                      {product} {ergonomic}
   size_t SoftMaxHeapSize                          = 4236247040                             {manageable} {ergonomic}
     bool UseCompressedOops                        = true                           {product lp64_product} {ergonomic}
     bool UseG1GC                                  = true                                      {product} {ergonomic}
     bool UseLargePagesIndividualAllocation        = false                                  {pd product} {ergonomic}

Logging:
Log output configuration:
 #0: stdout all=warning uptime,level,tags foldmultilines=false
 #1: stderr all=off uptime,level,tags foldmultilines=false

Environment Variables:
PATH=C:\Program Files\Microsoft MPI\Bin\;C:\ProgramData\Oracle\Java\javapath;C:\WINDOWS\system32;C:\WINDOWS;C:\WINDOWS\System32\Wbem;C:\WINDOWS\System32\WindowsPowerShell\v1.0\;C:\WINDOWS\System32\OpenSSH\;C:\Program Files (x86)\NVIDIA Corporation\PhysX\Common;C:\Program Files\MATLAB\R2022a\runtime\win64;C:\Program Files\MATLAB\R2022a\bin;C:\Program Files\Git\cmd;C:\Program Files\gs\gs10.00.0\bin;C:\Program Files\Docker\Docker\resources\bin;C:\Program Files (x86)\Gpg4win\..\GnuPG\bin;C:\Program Files\NVIDIA Corporation\NVIDIA app\NvDLISR;C:\Program Files\dotnet\;C:\Users\Пажылой вертолет\AppData\Local\Microsoft\WindowsApps;C:\Program Files\JetBrains\IntelliJ IDEA Community Edition 2024.2.1\bin;;C:\Users\Пажылой вертолет\AppData\Local\Programs\MiKTeX\miktex\bin\x64\;C:\Program Files\JetBrains\PyCharm Community Edition 2022.3\bin;
USERNAME=Пажылой вертолет
OS=Windows_NT
PROCESSOR_IDENTIFIER=Intel64 Family 6 Model 165 Stepping 2, GenuineIntel
TMP=C:\Users\8CAF~1\AppData\Local\Temp
TEMP=C:\Users\8CAF~1\AppData\Local\Temp




Periodic native trim disabled

---------------  S Y S T E M  ---------------

OS:
 Windows 10 , 64 bit Build 19041 (10.0.19041.5678)
OS uptime: 3 days 23:28 hours
Hyper-V role detected

CPU: total 8 (initial active 8) (4 cores per cpu, 2 threads per core) family 6 model 165 stepping 2 microcode 0xc8, cx8, cmov, fxsr, ht, mmx, 3dnowpref, sse, sse2, sse3, ssse3, sse4.1, sse4.2, popcnt, lzcnt, tsc, tscinvbit, avx, avx2, aes, erms, clmul, bmi1, bmi2, adx, fma, vzeroupper, clflush, clflushopt, hv, rdtscp, f16c
Processor Information for the first 8 processors :
  Max Mhz: 2496, Current Mhz: 2096, Mhz Limit: 2496

Memory: 4k page, system-wide physical 16154M (2326M free)
TotalPageFile size 22154M (AvailPageFile size 12M)
current process WorkingSet (physical memory assigned to process): 137M, peak: 137M
current process commit charge ("private bytes"): 399M, peak: 399M

vm_info: OpenJDK 64-Bit Server VM (21.0.6+7-LTS) for windows-amd64 JRE (21.0.6+7-LTS), built on 2025-01-07T23:42:01Z by "Administrator" with MS VC++ 16.10 / 16.11 (VS2019)

END.
