#
# There is insufficient memory for the Java Runtime Environment to continue.
# Native memory allocation (malloc) failed to allocate 1048576 bytes. Error detail: AllocateHeap
# Possible reasons:
#   The system is out of physical RAM or swap space
#   This process is running with CompressedOops enabled, and the Java Heap may be blocking the growth of the native heap
# Possible solutions:
#   Reduce memory load on the system
#   Increase physical memory or swap space
#   Check if swap backing store is full
#   Decrease Java heap size (-Xmx/-Xms)
#   Decrease number of Java threads
#   Decrease Java thread stack sizes (-Xss)
#   Set larger code cache with -XX:ReservedCodeCacheSize=
#   JVM is running with Unscaled Compressed Oops mode in which the Java heap is
#     placed in the first 4GB address space. The Java Heap base address is the
#     maximum limit for the native heap growth. Please use -XX:HeapBaseMinAddress
#     to set the Java Heap base and to place the Java Heap above 4GB virtual address.
# This output file may be truncated or incomplete.
#
#  Out of Memory Error (allocation.cpp:44), pid=20228, tid=16644
#
# JRE version:  (21.0.6+7) (build )
# Java VM: OpenJDK 64-Bit Server VM (21.0.6+7-LTS, mixed mode, sharing, tiered, compressed oops, compressed class ptrs, g1 gc, windows-amd64)
# No core dump will be written. Minidumps are not enabled by default on client versions of Windows
#

---------------  S U M M A R Y ------------

Command Line: -Dnet.bytebuddy.agent.attacher.dump= net.bytebuddy.agent.Attacher com.sun.tools.attach.VirtualMachine 10844 C:\Users\Пажылой вертолет\.m2\repository\net\bytebuddy\byte-buddy-agent\1.15.11\byte-buddy-agent-1.15.11.jar false 

Host: Intel(R) Core(TM) i5-10300H CPU @ 2.50GHz, 8 cores, 15G,  Windows 10 , 64 bit Build 19041 (10.0.19041.5678)
Time: Tue Apr 22 23:01:46 2025 RTZ 2 (s 10 , 64 bit Build 19041 (10.0.19041.5678) elapsed time: 0.023255 seconds (0d 0h 0m 0s)

---------------  T H R E A D  ---------------

Current thread (0x00000176317736b0):  JavaThread "Unknown thread" [_thread_in_vm, id=16644, stack(0x0000005766c00000,0x0000005766d00000) (1024K)]

Stack: [0x0000005766c00000,0x0000005766d00000]
Native frames: (J=compiled Java code, j=interpreted, Vv=VM code, C=native code)
V  [jvm.dll+0x6da5e9]
V  [jvm.dll+0x8b6b73]
V  [jvm.dll+0x8b8ece]
V  [jvm.dll+0x8b95b3]
V  [jvm.dll+0x286256]
V  [jvm.dll+0xc0dd7]
V  [jvm.dll+0x330a85]
V  [jvm.dll+0x87ee1d]
V  [jvm.dll+0x3c65d1]
V  [jvm.dll+0x868173]
V  [jvm.dll+0x45a4ee]
V  [jvm.dll+0x45c171]
C  [jli.dll+0x52ab]
C  [ucrtbase.dll+0x21bb2]
C  [KERNEL32.DLL+0x17374]
C  [ntdll.dll+0x4cc91]


---------------  P R O C E S S  ---------------

Threads class SMR info:
_java_thread_list=0x00007ff9cfcba088, length=0, elements={
}

Java Threads: ( => current thread )
Total: 0

Other Threads:

=>0x00000176317736b0 (exited) JavaThread "Unknown thread"    [_thread_in_vm, id=16644, stack(0x0000005766c00000,0x0000005766d00000) (1024K)]
Total: 1

Threads with active compile tasks:
Total: 0

VM state: not at safepoint (not fully initialized)

VM Mutex/Monitor currently owned by a thread: None

Heap address: 0x0000000000000000, size: 0 MB, Compressed Oops mode: 32-bit

CDS archive(s) mapped at: [0x0000000000000000-0x0000000000000000-0x0000000000000000), size 0, SharedBaseAddress: 0x0000000800000000, ArchiveRelocationMode: 1.
Narrow klass base: 0x0000000000000000, Narrow klass shift: 0, Narrow klass range: 0x0

GC Precious Log:
 CardTable entry size: 512
 Card Set container configuration: InlinePtr #cards 4 size 8 Array Of Cards #cards 16 size 48 Howl #buckets 8 coarsen threshold 3686 Howl Bitmap #cards 512 size 80 coarsen threshold 460 Card regions per heap region 1 cards per card region 4096

GC Heap History (0 events):
No events

Dll operation events (1 events):
Event: 0.018 Loaded shared library C:\Users\Пажылой вертолет\.jdks\corretto-21.0.6\bin\java.dll

Deoptimization events (0 events):
No events

Classes loaded (0 events):
No events

Classes unloaded (0 events):
No events

Classes redefined (0 events):
No events

Internal exceptions (0 events):
No events

ZGC Phase Switch (0 events):
No events

VM Operations (0 events):
No events

Memory protections (0 events):
No events

Nmethod flushes (0 events):
No events

Events (0 events):
No events


Dynamic libraries:
0x00007ff7a6b40000 - 0x00007ff7a6b4e000 	C:\Users\Пажылой вертолет\.jdks\corretto-21.0.6\bin\java.exe
0x00007ffa6da30000 - 0x00007ffa6dc28000 	C:\WINDOWS\SYSTEM32\ntdll.dll
0x00007ffa6c320000 - 0x00007ffa6c3e2000 	C:\WINDOWS\System32\KERNEL32.DLL
0x00007ffa6b1e0000 - 0x00007ffa6b4d6000 	C:\WINDOWS\System32\KERNELBASE.dll
0x00007ffa6b690000 - 0x00007ffa6b790000 	C:\WINDOWS\System32\ucrtbase.dll
0x00007ffa583a0000 - 0x00007ffa583b8000 	C:\Users\Пажылой вертолет\.jdks\corretto-21.0.6\bin\jli.dll
0x00007ffa6cfb0000 - 0x00007ffa6d14d000 	C:\WINDOWS\System32\USER32.dll
0x00007ffa6b900000 - 0x00007ffa6b922000 	C:\WINDOWS\System32\win32u.dll
0x00007ffa6cf50000 - 0x00007ffa6cf7b000 	C:\WINDOWS\System32\GDI32.dll
0x00007ffa6b0c0000 - 0x00007ffa6b1da000 	C:\WINDOWS\System32\gdi32full.dll
0x00007ffa6b9b0000 - 0x00007ffa6ba4d000 	C:\WINDOWS\System32\msvcp_win.dll
0x00007ffa510b0000 - 0x00007ffa510cb000 	C:\Users\Пажылой вертолет\.jdks\corretto-21.0.6\bin\VCRUNTIME140.dll
0x00007ffa6a480000 - 0x00007ffa6a71a000 	C:\WINDOWS\WinSxS\amd64_microsoft.windows.common-controls_6595b64144ccf1df_6.0.19041.4355_none_60b8b9eb71f62e16\COMCTL32.dll
0x00007ffa6ce20000 - 0x00007ffa6cebe000 	C:\WINDOWS\System32\msvcrt.dll
0x00007ffa6cf80000 - 0x00007ffa6cfaf000 	C:\WINDOWS\System32\IMM32.DLL
0x00007ffa66b60000 - 0x00007ffa66b6c000 	C:\Users\Пажылой вертолет\.jdks\corretto-21.0.6\bin\vcruntime140_1.dll
0x00007ffa337a0000 - 0x00007ffa3382d000 	C:\Users\Пажылой вертолет\.jdks\corretto-21.0.6\bin\msvcp140.dll
0x00007ff9cf070000 - 0x00007ff9cfe0f000 	C:\Users\Пажылой вертолет\.jdks\corretto-21.0.6\bin\server\jvm.dll
0x00007ffa6c270000 - 0x00007ffa6c31f000 	C:\WINDOWS\System32\ADVAPI32.dll
0x00007ffa6c8f0000 - 0x00007ffa6c98f000 	C:\WINDOWS\System32\sechost.dll
0x00007ffa6d8c0000 - 0x00007ffa6d9e3000 	C:\WINDOWS\System32\RPCRT4.dll
0x00007ffa6b8d0000 - 0x00007ffa6b8f7000 	C:\WINDOWS\System32\bcrypt.dll
0x00007ffa6c9f0000 - 0x00007ffa6ca5b000 	C:\WINDOWS\System32\WS2_32.dll
0x00007ffa6a910000 - 0x00007ffa6a95b000 	C:\WINDOWS\SYSTEM32\POWRPROF.dll
0x00007ffa5c120000 - 0x00007ffa5c147000 	C:\WINDOWS\SYSTEM32\WINMM.dll
0x00007ffa64080000 - 0x00007ffa6408a000 	C:\WINDOWS\SYSTEM32\VERSION.dll
0x00007ffa6a720000 - 0x00007ffa6a732000 	C:\WINDOWS\SYSTEM32\UMPDC.dll
0x00007ffa69220000 - 0x00007ffa69232000 	C:\WINDOWS\SYSTEM32\kernel.appcore.dll
0x00007ffa62820000 - 0x00007ffa6282a000 	C:\Users\Пажылой вертолет\.jdks\corretto-21.0.6\bin\jimage.dll
0x00007ffa6ab10000 - 0x00007ffa6acf4000 	C:\WINDOWS\SYSTEM32\DBGHELP.DLL
0x00007ffa6a830000 - 0x00007ffa6a864000 	C:\WINDOWS\SYSTEM32\dbgcore.DLL
0x00007ffa6b790000 - 0x00007ffa6b812000 	C:\WINDOWS\System32\bcryptPrimitives.dll
0x00007ffa4ef70000 - 0x00007ffa4ef8f000 	C:\Users\Пажылой вертолет\.jdks\corretto-21.0.6\bin\java.dll

dbghelp: loaded successfully - version: 4.0.5 - missing functions: none
symbol engine: initialized successfully - sym options: 0x614 - pdb path: .;C:\Users\Пажылой вертолет\.jdks\corretto-21.0.6\bin;C:\WINDOWS\SYSTEM32;C:\WINDOWS\WinSxS\amd64_microsoft.windows.common-controls_6595b64144ccf1df_6.0.19041.4355_none_60b8b9eb71f62e16;C:\Users\Пажылой вертолет\.jdks\corretto-21.0.6\bin\server

VM Arguments:
jvm_args: -Dnet.bytebuddy.agent.attacher.dump= 
java_command: net.bytebuddy.agent.Attacher com.sun.tools.attach.VirtualMachine 10844 C:\Users\Пажылой вертолет\.m2\repository\net\bytebuddy\byte-buddy-agent\1.15.11\byte-buddy-agent-1.15.11.jar false 
java_class_path (initial): C:\Users\Пажылой вертолет\.m2\repository\net\bytebuddy\byte-buddy-agent\1.15.11\byte-buddy-agent-1.15.11.jar
Launcher Type: SUN_STANDARD

[Global flags]
     intx CICompilerCount                          = 4                                         {product} {ergonomic}
     uint ConcGCThreads                            = 2                                         {product} {ergonomic}
     uint G1ConcRefinementThreads                  = 8                                         {product} {ergonomic}
   size_t G1HeapRegionSize                         = 2097152                                   {product} {ergonomic}
    uintx GCDrainStackTargetSize                   = 64                                        {product} {ergonomic}
   size_t InitialHeapSize                          = 266338304                                 {product} {ergonomic}
   size_t MarkStackSize                            = 4194304                                   {product} {ergonomic}
   size_t MaxHeapSize                              = 4236247040                                {product} {ergonomic}
   size_t MinHeapDeltaBytes                        = 2097152                                   {product} {ergonomic}
   size_t MinHeapSize                              = 8388608                                   {product} {ergonomic}
    uintx NonNMethodCodeHeapSize                   = 5839372                                {pd product} {ergonomic}
    uintx NonProfiledCodeHeapSize                  = 122909434                              {pd product} {ergonomic}
    uintx ProfiledCodeHeapSize                     = 122909434                              {pd product} {ergonomic}
    uintx ReservedCodeCacheSize                    = 251658240                              {pd product} {ergonomic}
     bool SegmentedCodeCache                       = true                                      {product} {ergonomic}
   size_t SoftMaxHeapSize                          = 4236247040                             {manageable} {ergonomic}
     bool UseCompressedOops                        = true                           {product lp64_product} {ergonomic}
     bool UseG1GC                                  = true                                      {product} {ergonomic}
     bool UseLargePagesIndividualAllocation        = false                                  {pd product} {ergonomic}

Logging:
Log output configuration:
 #0: stdout all=warning uptime,level,tags foldmultilines=false
 #1: stderr all=off uptime,level,tags foldmultilines=false

Environment Variables:
PATH=C:\Program Files\Microsoft MPI\Bin\;C:\ProgramData\Oracle\Java\javapath;C:\WINDOWS\system32;C:\WINDOWS;C:\WINDOWS\System32\Wbem;C:\WINDOWS\System32\WindowsPowerShell\v1.0\;C:\WINDOWS\System32\OpenSSH\;C:\Program Files (x86)\NVIDIA Corporation\PhysX\Common;C:\Program Files\MATLAB\R2022a\runtime\win64;C:\Program Files\MATLAB\R2022a\bin;C:\Program Files\Git\cmd;C:\Program Files\gs\gs10.00.0\bin;C:\Program Files\Docker\Docker\resources\bin;C:\Program Files (x86)\Gpg4win\..\GnuPG\bin;C:\Program Files\NVIDIA Corporation\NVIDIA app\NvDLISR;C:\Program Files\dotnet\;C:\Users\Пажылой вертолет\AppData\Local\Microsoft\WindowsApps;C:\Program Files\JetBrains\IntelliJ IDEA Community Edition 2024.2.1\bin;;C:\Users\Пажылой вертолет\AppData\Local\Programs\MiKTeX\miktex\bin\x64\;C:\Program Files\JetBrains\PyCharm Community Edition 2022.3\bin;
USERNAME=Пажылой вертолет
OS=Windows_NT
PROCESSOR_IDENTIFIER=Intel64 Family 6 Model 165 Stepping 2, GenuineIntel
TMP=C:\Users\8CAF~1\AppData\Local\Temp
TEMP=C:\Users\8CAF~1\AppData\Local\Temp




Periodic native trim disabled

---------------  S Y S T E M  ---------------

OS:
 Windows 10 , 64 bit Build 19041 (10.0.19041.5678)
OS uptime: 3 days 23:28 hours
Hyper-V role detected

CPU: total 8 (initial active 8) (4 cores per cpu, 2 threads per core) family 6 model 165 stepping 2 microcode 0xc8, cx8, cmov, fxsr, ht, mmx, 3dnowpref, sse, sse2, sse3, ssse3, sse4.1, sse4.2, popcnt, lzcnt, tsc, tscinvbit, avx, avx2, aes, erms, clmul, bmi1, bmi2, adx, fma, vzeroupper, clflush, clflushopt, hv, rdtscp, f16c
Processor Information for the first 8 processors :
  Max Mhz: 2496, Current Mhz: 2096, Mhz Limit: 2496

Memory: 4k page, system-wide physical 16154M (2330M free)
TotalPageFile size 22154M (AvailPageFile size 6M)
current process WorkingSet (physical memory assigned to process): 10M, peak: 10M
current process commit charge ("private bytes"): 15M, peak: 16M

vm_info: OpenJDK 64-Bit Server VM (21.0.6+7-LTS) for windows-amd64 JRE (21.0.6+7-LTS), built on 2025-01-07T23:42:01Z by "Administrator" with MS VC++ 16.10 / 16.11 (VS2019)

END.
